{"C:\\Code\\BowlingAppAi\\src\\components\\admin\\AdminDashboard.tsx": {"path":"C:\\Code\\BowlingAppAi\\src\\components\\admin\\AdminDashboard.tsx","statementMap":{"0":{"start":{"line":1,"column":0},"end":{"line":1,"column":26}},"1":{"start":{"line":2,"column":0},"end":{"line":2,"column":64}},"2":{"start":{"line":3,"column":0},"end":{"line":3,"column":58}},"3":{"start":{"line":7,"column":61},"end":{"line":162,"column":1}},"4":{"start":{"line":15,"column":16},"end":{"line":15,"column":32}},"5":{"start":{"line":16,"column":30},"end":{"line":16,"column":45}},"6":{"start":{"line":17,"column":24},"end":{"line":17,"column":53}},"7":{"start":{"line":17,"column":44},"end":{"line":17,"column":52}},"8":{"start":{"line":19,"column":2},"end":{"line":32,"column":3}},"9":{"start":{"line":20,"column":4},"end":{"line":31,"column":6}},"10":{"start":{"line":34,"column":2},"end":{"line":161,"column":4}},"11":{"start":{"line":45,"column":25},"end":{"line":45,"column":46}},"12":{"start":{"line":54,"column":25},"end":{"line":54,"column":46}},"13":{"start":{"line":63,"column":25},"end":{"line":63,"column":44}},"14":{"start":{"line":72,"column":25},"end":{"line":72,"column":47}},"15":{"start":{"line":88,"column":29},"end":{"line":88,"column":50}},"16":{"start":{"line":97,"column":30},"end":{"line":97,"column":57}},"17":{"start":{"line":98,"column":35},"end":{"line":98,"column":75}},"18":{"start":{"line":98,"column":53},"end":{"line":98,"column":74}},"19":{"start":{"line":101,"column":33},"end":{"line":101,"column":37}},"20":{"start":{"line":102,"column":14},"end":{"line":118,"column":15}},"21":{"start":{"line":103,"column":30},"end":{"line":103,"column":61}},"22":{"start":{"line":106,"column":44},"end":{"line":111,"column":18}},"23":{"start":{"line":107,"column":35},"end":{"line":107,"column":81}},"24":{"start":{"line":107,"column":53},"end":{"line":107,"column":80}},"25":{"start":{"line":108,"column":40},"end":{"line":108,"column":84}},"26":{"start":{"line":108,"column":59},"end":{"line":108,"column":83}},"27":{"start":{"line":109,"column":34},"end":{"line":109,"column":70}},"28":{"start":{"line":110,"column":18},"end":{"line":110,"column":50}},"29":{"start":{"line":114,"column":16},"end":{"line":117,"column":17}},"30":{"start":{"line":115,"column":18},"end":{"line":115,"column":158}},"31":{"start":{"line":115,"column":89},"end":{"line":115,"column":156}},"32":{"start":{"line":116,"column":18},"end":{"line":116,"column":56}},"33":{"start":{"line":120,"column":14},"end":{"line":155,"column":16}},"34":{"start":{"line":124,"column":33},"end":{"line":124,"column":85}},"35":{"start":{"line":7,"column":13},"end":{"line":7,"column":61}}},"fnMap":{"0":{"name":"(anonymous_0)","decl":{"start":{"line":7,"column":61},"end":{"line":7,"column":62}},"loc":{"start":{"line":14,"column":5},"end":{"line":162,"column":1}}},"1":{"name":"(anonymous_1)","decl":{"start":{"line":17,"column":39},"end":{"line":17,"column":40}},"loc":{"start":{"line":17,"column":44},"end":{"line":17,"column":52}}},"2":{"name":"(anonymous_2)","decl":{"start":{"line":45,"column":19},"end":{"line":45,"column":22}},"loc":{"start":{"line":45,"column":25},"end":{"line":45,"column":46}}},"3":{"name":"(anonymous_3)","decl":{"start":{"line":54,"column":19},"end":{"line":54,"column":22}},"loc":{"start":{"line":54,"column":25},"end":{"line":54,"column":46}}},"4":{"name":"(anonymous_4)","decl":{"start":{"line":63,"column":19},"end":{"line":63,"column":22}},"loc":{"start":{"line":63,"column":25},"end":{"line":63,"column":44}}},"5":{"name":"(anonymous_5)","decl":{"start":{"line":72,"column":19},"end":{"line":72,"column":22}},"loc":{"start":{"line":72,"column":25},"end":{"line":72,"column":47}}},"6":{"name":"(anonymous_6)","decl":{"start":{"line":88,"column":23},"end":{"line":88,"column":26}},"loc":{"start":{"line":88,"column":29},"end":{"line":88,"column":50}}},"7":{"name":"(anonymous_7)","decl":{"start":{"line":96,"column":31},"end":{"line":96,"column":37}},"loc":{"start":{"line":96,"column":40},"end":{"line":156,"column":13}}},"8":{"name":"(anonymous_8)","decl":{"start":{"line":98,"column":48},"end":{"line":98,"column":49}},"loc":{"start":{"line":98,"column":53},"end":{"line":98,"column":74}}},"9":{"name":"(anonymous_9)","decl":{"start":{"line":106,"column":73},"end":{"line":106,"column":74}},"loc":{"start":{"line":106,"column":99},"end":{"line":111,"column":17}}},"10":{"name":"(anonymous_10)","decl":{"start":{"line":107,"column":48},"end":{"line":107,"column":49}},"loc":{"start":{"line":107,"column":53},"end":{"line":107,"column":80}}},"11":{"name":"(anonymous_11)","decl":{"start":{"line":108,"column":54},"end":{"line":108,"column":55}},"loc":{"start":{"line":108,"column":59},"end":{"line":108,"column":83}}},"12":{"name":"(anonymous_12)","decl":{"start":{"line":115,"column":43},"end":{"line":115,"column":44}},"loc":{"start":{"line":115,"column":89},"end":{"line":115,"column":156}}},"13":{"name":"(anonymous_13)","decl":{"start":{"line":124,"column":27},"end":{"line":124,"column":30}},"loc":{"start":{"line":124,"column":33},"end":{"line":124,"column":85}}}},"branchMap":{"0":{"loc":{"start":{"line":19,"column":2},"end":{"line":32,"column":3}},"type":"if","locations":[{"start":{"line":19,"column":2},"end":{"line":32,"column":3}},{"start":{},"end":{}}]},"1":{"loc":{"start":{"line":24,"column":40},"end":{"line":24,"column":82}},"type":"binary-expr","locations":[{"start":{"line":24,"column":40},"end":{"line":24,"column":49}},{"start":{"line":24,"column":53},"end":{"line":24,"column":82}}]},"2":{"loc":{"start":{"line":39,"column":38},"end":{"line":39,"column":80}},"type":"binary-expr","locations":[{"start":{"line":39,"column":38},"end":{"line":39,"column":47}},{"start":{"line":39,"column":51},"end":{"line":39,"column":80}}]},"3":{"loc":{"start":{"line":84,"column":9},"end":{"line":157,"column":null}},"type":"cond-expr","locations":[{"start":{"line":85,"column":10},"end":{"line":92,"column":null}},{"start":{"line":95,"column":10},"end":{"line":156,"column":null}}]},"4":{"loc":{"start":{"line":97,"column":30},"end":{"line":97,"column":57}},"type":"binary-expr","locations":[{"start":{"line":97,"column":30},"end":{"line":97,"column":51}},{"start":{"line":97,"column":55},"end":{"line":97,"column":57}}]},"5":{"loc":{"start":{"line":102,"column":14},"end":{"line":118,"column":15}},"type":"if","locations":[{"start":{"line":102,"column":14},"end":{"line":118,"column":15}},{"start":{},"end":{}}]},"6":{"loc":{"start":{"line":102,"column":18},"end":{"line":102,"column":55}},"type":"binary-expr","locations":[{"start":{"line":102,"column":18},"end":{"line":102,"column":30}},{"start":{"line":102,"column":34},"end":{"line":102,"column":55}}]},"7":{"loc":{"start":{"line":103,"column":30},"end":{"line":103,"column":61}},"type":"binary-expr","locations":[{"start":{"line":103,"column":30},"end":{"line":103,"column":55}},{"start":{"line":103,"column":59},"end":{"line":103,"column":61}}]},"8":{"loc":{"start":{"line":109,"column":34},"end":{"line":109,"column":70}},"type":"cond-expr","locations":[{"start":{"line":109,"column":45},"end":{"line":109,"column":63}},{"start":{"line":109,"column":66},"end":{"line":109,"column":70}}]},"9":{"loc":{"start":{"line":110,"column":25},"end":{"line":110,"column":49}},"type":"binary-expr","locations":[{"start":{"line":110,"column":25},"end":{"line":110,"column":38}},{"start":{"line":110,"column":42},"end":{"line":110,"column":49}}]},"10":{"loc":{"start":{"line":114,"column":16},"end":{"line":117,"column":17}},"type":"if","locations":[{"start":{"line":114,"column":16},"end":{"line":117,"column":17}},{"start":{},"end":{}}]},"11":{"loc":{"start":{"line":115,"column":98},"end":{"line":115,"column":110}},"type":"binary-expr","locations":[{"start":{"line":115,"column":98},"end":{"line":115,"column":104}},{"start":{"line":115,"column":108},"end":{"line":115,"column":110}}]},"12":{"loc":{"start":{"line":115,"column":133},"end":{"line":115,"column":145}},"type":"binary-expr","locations":[{"start":{"line":115,"column":133},"end":{"line":115,"column":139}},{"start":{"line":115,"column":143},"end":{"line":115,"column":145}}]},"13":{"loc":{"start":{"line":129,"column":23},"end":{"line":130,"column":null}},"type":"binary-expr","locations":[{"start":{"line":129,"column":23},"end":{"line":129,"column":41}},{"start":{"line":130,"column":24},"end":{"line":130,"column":90}}]},"14":{"loc":{"start":{"line":132,"column":23},"end":{"line":143,"column":null}},"type":"binary-expr","locations":[{"start":{"line":132,"column":23},"end":{"line":132,"column":35}},{"start":{"line":133,"column":24},"end":{"line":142,"column":null}}]},"15":{"loc":{"start":{"line":137,"column":27},"end":{"line":141,"column":null}},"type":"binary-expr","locations":[{"start":{"line":137,"column":27},"end":{"line":137,"column":39}},{"start":{"line":138,"column":28},"end":{"line":140,"column":null}}]},"16":{"loc":{"start":{"line":139,"column":73},"end":{"line":139,"column":98}},"type":"binary-expr","locations":[{"start":{"line":139,"column":73},"end":{"line":139,"column":90}},{"start":{"line":139,"column":94},"end":{"line":139,"column":98}}]},"17":{"loc":{"start":{"line":140,"column":31},"end":{"line":140,"column":131}},"type":"binary-expr","locations":[{"start":{"line":140,"column":31},"end":{"line":140,"column":53}},{"start":{"line":140,"column":57},"end":{"line":140,"column":131}}]},"18":{"loc":{"start":{"line":147,"column":69},"end":{"line":147,"column":138}},"type":"cond-expr","locations":[{"start":{"line":147,"column":92},"end":{"line":147,"column":114}},{"start":{"line":147,"column":117},"end":{"line":147,"column":138}}]},"19":{"loc":{"start":{"line":149,"column":25},"end":{"line":149,"column":107}},"type":"binary-expr","locations":[{"start":{"line":149,"column":25},"end":{"line":149,"column":41}},{"start":{"line":149,"column":45},"end":{"line":149,"column":107}}]}},"s":{"0":1,"1":1,"2":1,"3":1,"4":1,"5":1,"6":1,"7":0,"8":1,"9":0,"10":1,"11":0,"12":0,"13":0,"14":0,"15":0,"16":0,"17":0,"18":0,"19":0,"20":0,"21":0,"22":0,"23":0,"24":0,"25":0,"26":0,"27":0,"28":0,"29":0,"30":0,"31":0,"32":0,"33":0,"34":0,"35":1},"f":{"0":1,"1":0,"2":0,"3":0,"4":0,"5":0,"6":0,"7":0,"8":0,"9":0,"10":0,"11":0,"12":0,"13":0},"b":{"0":[0,1],"1":[0,0],"2":[1,1],"3":[1,0],"4":[0,0],"5":[0,0],"6":[0,0],"7":[0,0],"8":[0,0],"9":[0,0],"10":[0,0],"11":[0,0],"12":[0,0],"13":[0,0],"14":[0,0],"15":[0,0],"16":[0,0],"17":[0,0],"18":[0,0],"19":[0,0]}}
,"C:\\Code\\BowlingAppAi\\src\\components\\admin\\league\\LeagueManagement.tsx": {"path":"C:\\Code\\BowlingAppAi\\src\\components\\admin\\league\\LeagueManagement.tsx","statementMap":{"0":{"start":{"line":1,"column":0},"end":{"line":1,"column":51}},"1":{"start":{"line":2,"column":0},"end":{"line":2,"column":63}},"2":{"start":{"line":3,"column":0},"end":{"line":3,"column":63}},"3":{"start":{"line":4,"column":0},"end":{"line":4,"column":67}},"4":{"start":{"line":5,"column":0},"end":{"line":5,"column":350}},"5":{"start":{"line":6,"column":0},"end":{"line":6,"column":80}},"6":{"start":{"line":7,"column":0},"end":{"line":7,"column":82}},"7":{"start":{"line":8,"column":0},"end":{"line":8,"column":68}},"8":{"start":{"line":9,"column":0},"end":{"line":9,"column":70}},"9":{"start":{"line":10,"column":0},"end":{"line":10,"column":76}},"10":{"start":{"line":15,"column":2},"end":{"line":31,"column":4}},"11":{"start":{"line":35,"column":2},"end":{"line":41,"column":4}},"12":{"start":{"line":44,"column":65},"end":{"line":479,"column":1}},"13":{"start":{"line":45,"column":16},"end":{"line":45,"column":32}},"14":{"start":{"line":46,"column":32},"end":{"line":46,"column":54}},"15":{"start":{"line":47,"column":38},"end":{"line":47,"column":73}},"16":{"start":{"line":48,"column":34},"end":{"line":48,"column":49}},"17":{"start":{"line":49,"column":36},"end":{"line":49,"column":65}},"18":{"start":{"line":50,"column":34},"end":{"line":58,"column":4}},"19":{"start":{"line":60,"column":23},"end":{"line":67,"column":7}},"20":{"start":{"line":61,"column":4},"end":{"line":67,"column":7}},"21":{"start":{"line":61,"column":25},"end":{"line":67,"column":6}},"22":{"start":{"line":69,"column":2},"end":{"line":71,"column":9}},"23":{"start":{"line":70,"column":4},"end":{"line":70,"column":18}},"24":{"start":{"line":73,"column":22},"end":{"line":84,"column":3}},"25":{"start":{"line":74,"column":17},"end":{"line":74,"column":42}},"26":{"start":{"line":75,"column":4},"end":{"line":75,"column":21}},"27":{"start":{"line":78,"column":47},"end":{"line":78,"column":49}},"28":{"start":{"line":79,"column":4},"end":{"line":82,"column":5}},"29":{"start":{"line":80,"column":22},"end":{"line":80,"column":61}},"30":{"start":{"line":81,"column":6},"end":{"line":81,"column":39}},"31":{"start":{"line":83,"column":4},"end":{"line":83,"column":31}},"32":{"start":{"line":86,"column":23},"end":{"line":124,"column":3}},"33":{"start":{"line":87,"column":4},"end":{"line":87,"column":23}},"34":{"start":{"line":89,"column":23},"end":{"line":92,"column":6}},"35":{"start":{"line":93,"column":23},"end":{"line":93,"column":49}},"36":{"start":{"line":95,"column":4},"end":{"line":98,"column":5}},"37":{"start":{"line":96,"column":6},"end":{"line":96,"column":30}},"38":{"start":{"line":97,"column":6},"end":{"line":97,"column":13}},"39":{"start":{"line":101,"column":26},"end":{"line":103,"column":null}},"40":{"start":{"line":102,"column":6},"end":{"line":103,"column":24}},"41":{"start":{"line":106,"column":4},"end":{"line":109,"column":5}},"42":{"start":{"line":107,"column":6},"end":{"line":107,"column":40}},"43":{"start":{"line":108,"column":6},"end":{"line":108,"column":13}},"44":{"start":{"line":111,"column":4},"end":{"line":118,"column":5}},"45":{"start":{"line":112,"column":6},"end":{"line":112,"column":53}},"46":{"start":{"line":113,"column":6},"end":{"line":113,"column":40}},"47":{"start":{"line":114,"column":6},"end":{"line":114,"column":25}},"48":{"start":{"line":116,"column":6},"end":{"line":116,"column":42}},"49":{"start":{"line":117,"column":6},"end":{"line":117,"column":40}},"50":{"start":{"line":120,"column":4},"end":{"line":120,"column":38}},"51":{"start":{"line":121,"column":4},"end":{"line":121,"column":23}},"52":{"start":{"line":122,"column":4},"end":{"line":122,"column":24}},"53":{"start":{"line":123,"column":4},"end":{"line":123,"column":28}},"54":{"start":{"line":126,"column":21},"end":{"line":154,"column":3}},"55":{"start":{"line":127,"column":16},"end":{"line":127,"column":50}},"56":{"start":{"line":128,"column":4},"end":{"line":151,"column":7}},"57":{"start":{"line":152,"column":4},"end":{"line":152,"column":28}},"58":{"start":{"line":153,"column":4},"end":{"line":153,"column":22}},"59":{"start":{"line":156,"column":23},"end":{"line":179,"column":3}},"60":{"start":{"line":157,"column":19},"end":{"line":157,"column":49}},"61":{"start":{"line":157,"column":37},"end":{"line":157,"column":48}},"62":{"start":{"line":158,"column":20},"end":{"line":158,"column":52}},"63":{"start":{"line":160,"column":4},"end":{"line":171,"column":5}},"64":{"start":{"line":161,"column":28},"end":{"line":161,"column":70}},"65":{"start":{"line":161,"column":48},"end":{"line":161,"column":69}},"66":{"start":{"line":163,"column":20},"end":{"line":163,"column":93}},"67":{"start":{"line":164,"column":6},"end":{"line":166,"column":7}},"68":{"start":{"line":165,"column":8},"end":{"line":165,"column":79}},"69":{"start":{"line":167,"column":6},"end":{"line":167,"column":54}},"70":{"start":{"line":169,"column":6},"end":{"line":169,"column":21}},"71":{"start":{"line":170,"column":6},"end":{"line":170,"column":13}},"72":{"start":{"line":173,"column":4},"end":{"line":178,"column":5}},"73":{"start":{"line":174,"column":6},"end":{"line":174,"column":34}},"74":{"start":{"line":175,"column":6},"end":{"line":175,"column":26}},"75":{"start":{"line":176,"column":6},"end":{"line":176,"column":30}},"76":{"start":{"line":177,"column":6},"end":{"line":177,"column":40}},"77":{"start":{"line":181,"column":23},"end":{"line":199,"column":3}},"78":{"start":{"line":182,"column":4},"end":{"line":198,"column":5}},"79":{"start":{"line":184,"column":6},"end":{"line":189,"column":7}},"80":{"start":{"line":185,"column":8},"end":{"line":185,"column":62}},"81":{"start":{"line":186,"column":8},"end":{"line":186,"column":61}},"82":{"start":{"line":187,"column":8},"end":{"line":187,"column":28}},"83":{"start":{"line":188,"column":8},"end":{"line":188,"column":32}},"84":{"start":{"line":192,"column":6},"end":{"line":197,"column":7}},"85":{"start":{"line":193,"column":8},"end":{"line":193,"column":61}},"86":{"start":{"line":194,"column":8},"end":{"line":194,"column":61}},"87":{"start":{"line":195,"column":8},"end":{"line":195,"column":28}},"88":{"start":{"line":196,"column":8},"end":{"line":196,"column":32}},"89":{"start":{"line":201,"column":23},"end":{"line":205,"column":3}},"90":{"start":{"line":202,"column":4},"end":{"line":202,"column":38}},"91":{"start":{"line":203,"column":4},"end":{"line":203,"column":23}},"92":{"start":{"line":204,"column":4},"end":{"line":204,"column":23}},"93":{"start":{"line":207,"column":24},"end":{"line":207,"column":53}},"94":{"start":{"line":207,"column":44},"end":{"line":207,"column":52}},"95":{"start":{"line":208,"column":26},"end":{"line":208,"column":56}},"96":{"start":{"line":208,"column":46},"end":{"line":208,"column":55}},"97":{"start":{"line":210,"column":2},"end":{"line":478,"column":4}},"98":{"start":{"line":245,"column":35},"end":{"line":245,"column":85}},"99":{"start":{"line":257,"column":35},"end":{"line":257,"column":92}},"100":{"start":{"line":272,"column":46},"end":{"line":272,"column":82}},"101":{"start":{"line":273,"column":47},"end":{"line":273,"column":84}},"102":{"start":{"line":274,"column":47},"end":{"line":274,"column":84}},"103":{"start":{"line":275,"column":47},"end":{"line":275,"column":84}},"104":{"start":{"line":276,"column":42},"end":{"line":276,"column":88}},"105":{"start":{"line":283,"column":47},"end":{"line":283,"column":102}},"106":{"start":{"line":284,"column":43},"end":{"line":284,"column":90}},"107":{"start":{"line":292,"column":56},"end":{"line":292,"column":102}},"108":{"start":{"line":293,"column":54},"end":{"line":293,"column":98}},"109":{"start":{"line":294,"column":53},"end":{"line":294,"column":96}},"110":{"start":{"line":302,"column":55},"end":{"line":302,"column":89}},"111":{"start":{"line":303,"column":56},"end":{"line":303,"column":92}},"112":{"start":{"line":304,"column":61},"end":{"line":304,"column":102}},"113":{"start":{"line":314,"column":45},"end":{"line":314,"column":78}},"114":{"start":{"line":315,"column":63},"end":{"line":315,"column":114}},"115":{"start":{"line":316,"column":61},"end":{"line":316,"column":110}},"116":{"start":{"line":341,"column":27},"end":{"line":341,"column":44}},"117":{"start":{"line":364,"column":30},"end":{"line":364,"column":57}},"118":{"start":{"line":365,"column":35},"end":{"line":365,"column":75}},"119":{"start":{"line":365,"column":53},"end":{"line":365,"column":74}},"120":{"start":{"line":367,"column":14},"end":{"line":421,"column":16}},"121":{"start":{"line":392,"column":39},"end":{"line":392,"column":62}},"122":{"start":{"line":398,"column":39},"end":{"line":398,"column":57}},"123":{"start":{"line":404,"column":39},"end":{"line":404,"column":59}},"124":{"start":{"line":412,"column":41},"end":{"line":412,"column":64}},"125":{"start":{"line":440,"column":30},"end":{"line":440,"column":57}},"126":{"start":{"line":442,"column":14},"end":{"line":472,"column":16}},"127":{"start":{"line":457,"column":39},"end":{"line":457,"column":62}},"128":{"start":{"line":463,"column":39},"end":{"line":463,"column":59}},"129":{"start":{"line":44,"column":13},"end":{"line":44,"column":65}}},"fnMap":{"0":{"name":"getDefaultSeasonConfigurations","decl":{"start":{"line":14,"column":9},"end":{"line":14,"column":39}},"loc":{"start":{"line":14,"column":39},"end":{"line":32,"column":1}}},"1":{"name":"getDefaultFormData","decl":{"start":{"line":34,"column":9},"end":{"line":34,"column":27}},"loc":{"start":{"line":34,"column":27},"end":{"line":42,"column":1}}},"2":{"name":"(anonymous_2)","decl":{"start":{"line":44,"column":65},"end":{"line":44,"column":66}},"loc":{"start":{"line":44,"column":109},"end":{"line":479,"column":1}}},"3":{"name":"(anonymous_3)","decl":{"start":{"line":60,"column":23},"end":{"line":60,"column":24}},"loc":{"start":{"line":61,"column":4},"end":{"line":67,"column":7}}},"4":{"name":"(anonymous_4)","decl":{"start":{"line":61,"column":16},"end":{"line":61,"column":20}},"loc":{"start":{"line":61,"column":25},"end":{"line":67,"column":6}}},"5":{"name":"(anonymous_5)","decl":{"start":{"line":69,"column":12},"end":{"line":69,"column":15}},"loc":{"start":{"line":69,"column":17},"end":{"line":71,"column":3}}},"6":{"name":"(anonymous_6)","decl":{"start":{"line":73,"column":22},"end":{"line":73,"column":27}},"loc":{"start":{"line":73,"column":33},"end":{"line":84,"column":3}}},"7":{"name":"(anonymous_7)","decl":{"start":{"line":86,"column":23},"end":{"line":86,"column":28}},"loc":{"start":{"line":86,"column":52},"end":{"line":124,"column":3}}},"8":{"name":"(anonymous_8)","decl":{"start":{"line":101,"column":39},"end":{"line":101,"column":40}},"loc":{"start":{"line":102,"column":6},"end":{"line":103,"column":24}}},"9":{"name":"(anonymous_9)","decl":{"start":{"line":126,"column":21},"end":{"line":126,"column":22}},"loc":{"start":{"line":126,"column":40},"end":{"line":154,"column":3}}},"10":{"name":"(anonymous_10)","decl":{"start":{"line":156,"column":23},"end":{"line":156,"column":28}},"loc":{"start":{"line":156,"column":44},"end":{"line":179,"column":3}}},"11":{"name":"(anonymous_11)","decl":{"start":{"line":157,"column":32},"end":{"line":157,"column":33}},"loc":{"start":{"line":157,"column":37},"end":{"line":157,"column":48}}},"12":{"name":"(anonymous_12)","decl":{"start":{"line":161,"column":43},"end":{"line":161,"column":44}},"loc":{"start":{"line":161,"column":48},"end":{"line":161,"column":69}}},"13":{"name":"(anonymous_13)","decl":{"start":{"line":181,"column":23},"end":{"line":181,"column":28}},"loc":{"start":{"line":181,"column":48},"end":{"line":199,"column":3}}},"14":{"name":"(anonymous_14)","decl":{"start":{"line":201,"column":23},"end":{"line":201,"column":26}},"loc":{"start":{"line":201,"column":28},"end":{"line":205,"column":3}}},"15":{"name":"(anonymous_15)","decl":{"start":{"line":207,"column":39},"end":{"line":207,"column":40}},"loc":{"start":{"line":207,"column":44},"end":{"line":207,"column":52}}},"16":{"name":"(anonymous_16)","decl":{"start":{"line":208,"column":41},"end":{"line":208,"column":42}},"loc":{"start":{"line":208,"column":46},"end":{"line":208,"column":55}}},"17":{"name":"(anonymous_17)","decl":{"start":{"line":245,"column":28},"end":{"line":245,"column":29}},"loc":{"start":{"line":245,"column":35},"end":{"line":245,"column":85}}},"18":{"name":"(anonymous_18)","decl":{"start":{"line":257,"column":28},"end":{"line":257,"column":29}},"loc":{"start":{"line":257,"column":35},"end":{"line":257,"column":92}}},"19":{"name":"(anonymous_19)","decl":{"start":{"line":272,"column":37},"end":{"line":272,"column":42}},"loc":{"start":{"line":272,"column":46},"end":{"line":272,"column":82}}},"20":{"name":"(anonymous_20)","decl":{"start":{"line":273,"column":38},"end":{"line":273,"column":43}},"loc":{"start":{"line":273,"column":47},"end":{"line":273,"column":84}}},"21":{"name":"(anonymous_21)","decl":{"start":{"line":274,"column":38},"end":{"line":274,"column":43}},"loc":{"start":{"line":274,"column":47},"end":{"line":274,"column":84}}},"22":{"name":"(anonymous_22)","decl":{"start":{"line":275,"column":38},"end":{"line":275,"column":43}},"loc":{"start":{"line":275,"column":47},"end":{"line":275,"column":84}}},"23":{"name":"(anonymous_23)","decl":{"start":{"line":276,"column":33},"end":{"line":276,"column":38}},"loc":{"start":{"line":276,"column":42},"end":{"line":276,"column":88}}},"24":{"name":"(anonymous_24)","decl":{"start":{"line":283,"column":38},"end":{"line":283,"column":43}},"loc":{"start":{"line":283,"column":47},"end":{"line":283,"column":102}}},"25":{"name":"(anonymous_25)","decl":{"start":{"line":284,"column":34},"end":{"line":284,"column":39}},"loc":{"start":{"line":284,"column":43},"end":{"line":284,"column":90}}},"26":{"name":"(anonymous_26)","decl":{"start":{"line":292,"column":47},"end":{"line":292,"column":52}},"loc":{"start":{"line":292,"column":56},"end":{"line":292,"column":102}}},"27":{"name":"(anonymous_27)","decl":{"start":{"line":293,"column":45},"end":{"line":293,"column":50}},"loc":{"start":{"line":293,"column":54},"end":{"line":293,"column":98}}},"28":{"name":"(anonymous_28)","decl":{"start":{"line":294,"column":44},"end":{"line":294,"column":49}},"loc":{"start":{"line":294,"column":53},"end":{"line":294,"column":96}}},"29":{"name":"(anonymous_29)","decl":{"start":{"line":302,"column":35},"end":{"line":302,"column":36}},"loc":{"start":{"line":302,"column":55},"end":{"line":302,"column":89}}},"30":{"name":"(anonymous_30)","decl":{"start":{"line":303,"column":37},"end":{"line":303,"column":38}},"loc":{"start":{"line":303,"column":56},"end":{"line":303,"column":92}}},"31":{"name":"(anonymous_31)","decl":{"start":{"line":304,"column":42},"end":{"line":304,"column":43}},"loc":{"start":{"line":304,"column":61},"end":{"line":304,"column":102}}},"32":{"name":"(anonymous_32)","decl":{"start":{"line":314,"column":36},"end":{"line":314,"column":41}},"loc":{"start":{"line":314,"column":45},"end":{"line":314,"column":78}}},"33":{"name":"(anonymous_33)","decl":{"start":{"line":315,"column":52},"end":{"line":315,"column":59}},"loc":{"start":{"line":315,"column":63},"end":{"line":315,"column":114}}},"34":{"name":"(anonymous_34)","decl":{"start":{"line":316,"column":51},"end":{"line":316,"column":57}},"loc":{"start":{"line":316,"column":61},"end":{"line":316,"column":110}}},"35":{"name":"(anonymous_35)","decl":{"start":{"line":341,"column":21},"end":{"line":341,"column":24}},"loc":{"start":{"line":341,"column":27},"end":{"line":341,"column":44}}},"36":{"name":"(anonymous_36)","decl":{"start":{"line":363,"column":31},"end":{"line":363,"column":37}},"loc":{"start":{"line":363,"column":40},"end":{"line":422,"column":13}}},"37":{"name":"(anonymous_37)","decl":{"start":{"line":365,"column":48},"end":{"line":365,"column":49}},"loc":{"start":{"line":365,"column":53},"end":{"line":365,"column":74}}},"38":{"name":"(anonymous_38)","decl":{"start":{"line":392,"column":33},"end":{"line":392,"column":36}},"loc":{"start":{"line":392,"column":39},"end":{"line":392,"column":62}}},"39":{"name":"(anonymous_39)","decl":{"start":{"line":398,"column":33},"end":{"line":398,"column":36}},"loc":{"start":{"line":398,"column":39},"end":{"line":398,"column":57}}},"40":{"name":"(anonymous_40)","decl":{"start":{"line":404,"column":33},"end":{"line":404,"column":36}},"loc":{"start":{"line":404,"column":39},"end":{"line":404,"column":59}}},"41":{"name":"(anonymous_41)","decl":{"start":{"line":412,"column":35},"end":{"line":412,"column":38}},"loc":{"start":{"line":412,"column":41},"end":{"line":412,"column":64}}},"42":{"name":"(anonymous_42)","decl":{"start":{"line":439,"column":33},"end":{"line":439,"column":39}},"loc":{"start":{"line":439,"column":42},"end":{"line":473,"column":13}}},"43":{"name":"(anonymous_43)","decl":{"start":{"line":457,"column":33},"end":{"line":457,"column":36}},"loc":{"start":{"line":457,"column":39},"end":{"line":457,"column":62}}},"44":{"name":"(anonymous_44)","decl":{"start":{"line":463,"column":33},"end":{"line":463,"column":36}},"loc":{"start":{"line":463,"column":39},"end":{"line":463,"column":59}}}},"branchMap":{"0":{"loc":{"start":{"line":95,"column":4},"end":{"line":98,"column":5}},"type":"if","locations":[{"start":{"line":95,"column":4},"end":{"line":98,"column":5}},{"start":{},"end":{}}]},"1":{"loc":{"start":{"line":102,"column":6},"end":{"line":103,"column":24}},"type":"binary-expr","locations":[{"start":{"line":102,"column":6},"end":{"line":102,"column":72}},{"start":{"line":103,"column":6},"end":{"line":103,"column":24}}]},"2":{"loc":{"start":{"line":106,"column":4},"end":{"line":109,"column":5}},"type":"if","locations":[{"start":{"line":106,"column":4},"end":{"line":109,"column":5}},{"start":{},"end":{}}]},"3":{"loc":{"start":{"line":111,"column":4},"end":{"line":118,"column":5}},"type":"if","locations":[{"start":{"line":111,"column":4},"end":{"line":118,"column":5}},{"start":{"line":115,"column":11},"end":{"line":118,"column":5}}]},"4":{"loc":{"start":{"line":131,"column":19},"end":{"line":131,"column":43}},"type":"binary-expr","locations":[{"start":{"line":131,"column":19},"end":{"line":131,"column":37}},{"start":{"line":131,"column":41},"end":{"line":131,"column":43}}]},"5":{"loc":{"start":{"line":132,"column":17},"end":{"line":132,"column":39}},"type":"binary-expr","locations":[{"start":{"line":132,"column":17},"end":{"line":132,"column":33}},{"start":{"line":132,"column":37},"end":{"line":132,"column":39}}]},"6":{"loc":{"start":{"line":134,"column":23},"end":{"line":134,"column":67}},"type":"binary-expr","locations":[{"start":{"line":134,"column":23},"end":{"line":134,"column":40}},{"start":{"line":134,"column":44},"end":{"line":134,"column":67}}]},"7":{"loc":{"start":{"line":135,"column":24},"end":{"line":135,"column":70}},"type":"binary-expr","locations":[{"start":{"line":135,"column":24},"end":{"line":135,"column":42}},{"start":{"line":135,"column":46},"end":{"line":135,"column":70}}]},"8":{"loc":{"start":{"line":136,"column":24},"end":{"line":136,"column":70}},"type":"binary-expr","locations":[{"start":{"line":136,"column":24},"end":{"line":136,"column":42}},{"start":{"line":136,"column":46},"end":{"line":136,"column":70}}]},"9":{"loc":{"start":{"line":137,"column":24},"end":{"line":137,"column":70}},"type":"binary-expr","locations":[{"start":{"line":137,"column":24},"end":{"line":137,"column":42}},{"start":{"line":137,"column":46},"end":{"line":137,"column":70}}]},"10":{"loc":{"start":{"line":140,"column":33},"end":{"line":140,"column":91}},"type":"binary-expr","locations":[{"start":{"line":140,"column":33},"end":{"line":140,"column":60}},{"start":{"line":140,"column":64},"end":{"line":140,"column":91}}]},"11":{"loc":{"start":{"line":141,"column":31},"end":{"line":141,"column":85}},"type":"binary-expr","locations":[{"start":{"line":141,"column":31},"end":{"line":141,"column":56}},{"start":{"line":141,"column":60},"end":{"line":141,"column":85}}]},"12":{"loc":{"start":{"line":142,"column":30},"end":{"line":142,"column":82}},"type":"binary-expr","locations":[{"start":{"line":142,"column":30},"end":{"line":142,"column":54}},{"start":{"line":142,"column":58},"end":{"line":142,"column":82}}]},"13":{"loc":{"start":{"line":143,"column":21},"end":{"line":143,"column":91}},"type":"cond-expr","locations":[{"start":{"line":143,"column":53},"end":{"line":143,"column":68}},{"start":{"line":143,"column":71},"end":{"line":143,"column":91}}]},"14":{"loc":{"start":{"line":145,"column":28},"end":{"line":145,"column":81}},"type":"binary-expr","locations":[{"start":{"line":145,"column":28},"end":{"line":145,"column":50}},{"start":{"line":145,"column":54},"end":{"line":145,"column":81}}]},"15":{"loc":{"start":{"line":148,"column":20},"end":{"line":148,"column":40}},"type":"binary-expr","locations":[{"start":{"line":148,"column":20},"end":{"line":148,"column":34}},{"start":{"line":148,"column":38},"end":{"line":148,"column":40}}]},"16":{"loc":{"start":{"line":160,"column":4},"end":{"line":171,"column":5}},"type":"if","locations":[{"start":{"line":160,"column":4},"end":{"line":171,"column":5}},{"start":{},"end":{}}]},"17":{"loc":{"start":{"line":164,"column":6},"end":{"line":166,"column":7}},"type":"if","locations":[{"start":{"line":164,"column":6},"end":{"line":166,"column":7}},{"start":{},"end":{}}]},"18":{"loc":{"start":{"line":173,"column":4},"end":{"line":178,"column":5}},"type":"if","locations":[{"start":{"line":173,"column":4},"end":{"line":178,"column":5}},{"start":{},"end":{}}]},"19":{"loc":{"start":{"line":182,"column":4},"end":{"line":198,"column":5}},"type":"if","locations":[{"start":{"line":182,"column":4},"end":{"line":198,"column":5}},{"start":{"line":190,"column":11},"end":{"line":198,"column":5}}]},"20":{"loc":{"start":{"line":184,"column":6},"end":{"line":189,"column":7}},"type":"if","locations":[{"start":{"line":184,"column":6},"end":{"line":189,"column":7}},{"start":{},"end":{}}]},"21":{"loc":{"start":{"line":192,"column":6},"end":{"line":197,"column":7}},"type":"if","locations":[{"start":{"line":192,"column":6},"end":{"line":197,"column":7}},{"start":{},"end":{}}]},"22":{"loc":{"start":{"line":229,"column":7},"end":{"line":346,"column":null}},"type":"cond-expr","locations":[{"start":{"line":230,"column":8},"end":{"line":336,"column":null}},{"start":{"line":339,"column":8},"end":{"line":345,"column":null}}]},"23":{"loc":{"start":{"line":232,"column":13},"end":{"line":232,"column":76}},"type":"cond-expr","locations":[{"start":{"line":232,"column":25},"end":{"line":232,"column":48}},{"start":{"line":232,"column":51},"end":{"line":232,"column":76}}]},"24":{"loc":{"start":{"line":326,"column":17},"end":{"line":326,"column":80}},"type":"cond-expr","locations":[{"start":{"line":326,"column":29},"end":{"line":326,"column":52}},{"start":{"line":326,"column":55},"end":{"line":326,"column":80}}]},"25":{"loc":{"start":{"line":359,"column":9},"end":{"line":423,"column":null}},"type":"cond-expr","locations":[{"start":{"line":360,"column":10},"end":{"line":360,"column":90}},{"start":{"line":362,"column":10},"end":{"line":422,"column":null}}]},"26":{"loc":{"start":{"line":364,"column":30},"end":{"line":364,"column":57}},"type":"binary-expr","locations":[{"start":{"line":364,"column":30},"end":{"line":364,"column":51}},{"start":{"line":364,"column":55},"end":{"line":364,"column":57}}]},"27":{"loc":{"start":{"line":375,"column":23},"end":{"line":376,"column":null}},"type":"binary-expr","locations":[{"start":{"line":375,"column":23},"end":{"line":375,"column":41}},{"start":{"line":376,"column":24},"end":{"line":376,"column":90}}]},"28":{"loc":{"start":{"line":379,"column":25},"end":{"line":379,"column":112}},"type":"binary-expr","locations":[{"start":{"line":379,"column":25},"end":{"line":379,"column":41}},{"start":{"line":379,"column":45},"end":{"line":379,"column":112}}]},"29":{"loc":{"start":{"line":380,"column":93},"end":{"line":380,"column":305}},"type":"cond-expr","locations":[{"start":{"line":380,"column":152},"end":{"line":380,"column":272}},{"start":{"line":380,"column":275},"end":{"line":380,"column":305}}]},"30":{"loc":{"start":{"line":380,"column":208},"end":{"line":380,"column":268}},"type":"binary-expr","locations":[{"start":{"line":380,"column":208},"end":{"line":380,"column":261}},{"start":{"line":380,"column":265},"end":{"line":380,"column":268}}]},"31":{"loc":{"start":{"line":382,"column":88},"end":{"line":382,"column":153}},"type":"cond-expr","locations":[{"start":{"line":382,"column":111},"end":{"line":382,"column":130}},{"start":{"line":382,"column":133},"end":{"line":382,"column":153}}]},"32":{"loc":{"start":{"line":384,"column":23},"end":{"line":387,"column":null}},"type":"binary-expr","locations":[{"start":{"line":384,"column":23},"end":{"line":384,"column":35}},{"start":{"line":385,"column":24},"end":{"line":386,"column":null}}]},"33":{"loc":{"start":{"line":410,"column":23},"end":{"line":416,"column":null}},"type":"binary-expr","locations":[{"start":{"line":410,"column":23},"end":{"line":410,"column":43}},{"start":{"line":411,"column":24},"end":{"line":415,"column":null}}]},"34":{"loc":{"start":{"line":428,"column":7},"end":{"line":475,"column":null}},"type":"binary-expr","locations":[{"start":{"line":428,"column":7},"end":{"line":428,"column":33}},{"start":{"line":429,"column":8},"end":{"line":474,"column":null}}]},"35":{"loc":{"start":{"line":440,"column":30},"end":{"line":440,"column":57}},"type":"binary-expr","locations":[{"start":{"line":440,"column":30},"end":{"line":440,"column":51}},{"start":{"line":440,"column":55},"end":{"line":440,"column":57}}]},"36":{"loc":{"start":{"line":451,"column":25},"end":{"line":451,"column":112}},"type":"binary-expr","locations":[{"start":{"line":451,"column":25},"end":{"line":451,"column":41}},{"start":{"line":451,"column":45},"end":{"line":451,"column":112}}]},"37":{"loc":{"start":{"line":452,"column":79},"end":{"line":452,"column":144}},"type":"cond-expr","locations":[{"start":{"line":452,"column":102},"end":{"line":452,"column":121}},{"start":{"line":452,"column":124},"end":{"line":452,"column":144}}]}},"s":{"0":1,"1":1,"2":1,"3":1,"4":1,"5":1,"6":1,"7":1,"8":1,"9":1,"10":1,"11":1,"12":1,"13":1,"14":1,"15":1,"16":1,"17":1,"18":1,"19":1,"20":0,"21":0,"22":1,"23":1,"24":1,"25":1,"26":0,"27":0,"28":0,"29":0,"30":0,"31":0,"32":1,"33":0,"34":0,"35":0,"36":0,"37":0,"38":0,"39":0,"40":0,"41":0,"42":0,"43":0,"44":0,"45":0,"46":0,"47":0,"48":0,"49":0,"50":0,"51":0,"52":0,"53":0,"54":1,"55":0,"56":0,"57":0,"58":0,"59":1,"60":0,"61":0,"62":0,"63":0,"64":0,"65":0,"66":0,"67":0,"68":0,"69":0,"70":0,"71":0,"72":0,"73":0,"74":0,"75":0,"76":0,"77":1,"78":0,"79":0,"80":0,"81":0,"82":0,"83":0,"84":0,"85":0,"86":0,"87":0,"88":0,"89":1,"90":0,"91":0,"92":0,"93":1,"94":0,"95":1,"96":0,"97":1,"98":0,"99":0,"100":0,"101":0,"102":0,"103":0,"104":0,"105":0,"106":0,"107":0,"108":0,"109":0,"110":0,"111":0,"112":0,"113":0,"114":0,"115":0,"116":0,"117":0,"118":0,"119":0,"120":0,"121":0,"122":0,"123":0,"124":0,"125":0,"126":0,"127":0,"128":0,"129":1},"f":{"0":1,"1":1,"2":1,"3":0,"4":0,"5":1,"6":1,"7":0,"8":0,"9":0,"10":0,"11":0,"12":0,"13":0,"14":0,"15":0,"16":0,"17":0,"18":0,"19":0,"20":0,"21":0,"22":0,"23":0,"24":0,"25":0,"26":0,"27":0,"28":0,"29":0,"30":0,"31":0,"32":0,"33":0,"34":0,"35":0,"36":0,"37":0,"38":0,"39":0,"40":0,"41":0,"42":0,"43":0,"44":0},"b":{"0":[0,0],"1":[0,0],"2":[0,0],"3":[0,0],"4":[0,0],"5":[0,0],"6":[0,0],"7":[0,0],"8":[0,0],"9":[0,0],"10":[0,0],"11":[0,0],"12":[0,0],"13":[0,0],"14":[0,0],"15":[0,0],"16":[0,0],"17":[0,0],"18":[0,0],"19":[0,0],"20":[0,0],"21":[0,0],"22":[0,1],"23":[0,0],"24":[0,0],"25":[1,0],"26":[0,0],"27":[0,0],"28":[0,0],"29":[0,0],"30":[0,0],"31":[0,0],"32":[0,0],"33":[0,0],"34":[1,0],"35":[0,0],"36":[0,0],"37":[0,0]}}
,"C:\\Code\\BowlingAppAi\\src\\components\\admin\\players\\ImportPreviewModal.tsx": {"path":"C:\\Code\\BowlingAppAi\\src\\components\\admin\\players\\ImportPreviewModal.tsx","statementMap":{"0":{"start":{"line":1,"column":0},"end":{"line":1,"column":26}},"1":{"start":{"line":2,"column":0},"end":{"line":2,"column":67}},"2":{"start":{"line":3,"column":0},"end":{"line":3,"column":66}},"3":{"start":{"line":14,"column":69},"end":{"line":108,"column":1}},"4":{"start":{"line":17,"column":16},"end":{"line":17,"column":32}},"5":{"start":{"line":19,"column":2},"end":{"line":107,"column":4}},"6":{"start":{"line":33,"column":18},"end":{"line":33,"column":36}},"7":{"start":{"line":46,"column":38},"end":{"line":48,"column":null}},"8":{"start":{"line":47,"column":20},"end":{"line":48,"column":78}},"9":{"start":{"line":51,"column":18},"end":{"line":80,"column":20}},"10":{"start":{"line":65,"column":28},"end":{"line":65,"column":128}},"11":{"start":{"line":65,"column":116},"end":{"line":65,"column":128}},"12":{"start":{"line":66,"column":28},"end":{"line":70,"column":30}},"13":{"start":{"line":14,"column":13},"end":{"line":14,"column":69}}},"fnMap":{"0":{"name":"(anonymous_0)","decl":{"start":{"line":14,"column":69},"end":{"line":14,"column":70}},"loc":{"start":{"line":16,"column":5},"end":{"line":108,"column":1}}},"1":{"name":"(anonymous_1)","decl":{"start":{"line":32,"column":34},"end":{"line":32,"column":35}},"loc":{"start":{"line":33,"column":18},"end":{"line":33,"column":36}}},"2":{"name":"(anonymous_2)","decl":{"start":{"line":45,"column":32},"end":{"line":45,"column":33}},"loc":{"start":{"line":45,"column":48},"end":{"line":81,"column":17}}},"3":{"name":"(anonymous_3)","decl":{"start":{"line":46,"column":59},"end":{"line":46,"column":60}},"loc":{"start":{"line":47,"column":20},"end":{"line":48,"column":78}}},"4":{"name":"(anonymous_4)","decl":{"start":{"line":64,"column":54},"end":{"line":64,"column":55}},"loc":{"start":{"line":64,"column":71},"end":{"line":71,"column":27}}}},"branchMap":{"0":{"loc":{"start":{"line":28,"column":11},"end":{"line":36,"column":null}},"type":"binary-expr","locations":[{"start":{"line":28,"column":11},"end":{"line":28,"column":34}},{"start":{"line":29,"column":12},"end":{"line":35,"column":null}}]},"1":{"loc":{"start":{"line":39,"column":11},"end":{"line":83,"column":null}},"type":"binary-expr","locations":[{"start":{"line":39,"column":11},"end":{"line":39,"column":32}},{"start":{"line":40,"column":12},"end":{"line":82,"column":null}}]},"2":{"loc":{"start":{"line":47,"column":20},"end":{"line":48,"column":78}},"type":"binary-expr","locations":[{"start":{"line":47,"column":20},"end":{"line":47,"column":80}},{"start":{"line":48,"column":20},"end":{"line":48,"column":78}}]},"3":{"loc":{"start":{"line":55,"column":24},"end":{"line":55,"column":null}},"type":"cond-expr","locations":[{"start":{"line":55,"column":38},"end":{"line":55,"column":70}},{"start":{"line":55,"column":73},"end":{"line":55,"column":null}}]},"4":{"loc":{"start":{"line":62,"column":37},"end":{"line":62,"column":122}},"type":"cond-expr","locations":[{"start":{"line":62,"column":53},"end":{"line":62,"column":85}},{"start":{"line":62,"column":88},"end":{"line":62,"column":122}}]},"5":{"loc":{"start":{"line":65,"column":28},"end":{"line":65,"column":128}},"type":"if","locations":[{"start":{"line":65,"column":28},"end":{"line":65,"column":128}},{"start":{},"end":{}}]},"6":{"loc":{"start":{"line":73,"column":25},"end":{"line":76,"column":null}},"type":"binary-expr","locations":[{"start":{"line":73,"column":25},"end":{"line":73,"column":36}},{"start":{"line":74,"column":26},"end":{"line":75,"column":null}}]},"7":{"loc":{"start":{"line":86,"column":11},"end":{"line":87,"column":null}},"type":"binary-expr","locations":[{"start":{"line":86,"column":11},"end":{"line":86,"column":34}},{"start":{"line":86,"column":38},"end":{"line":86,"column":63}},{"start":{"line":87,"column":12},"end":{"line":87,"column":95}}]},"8":{"loc":{"start":{"line":99,"column":14},"end":{"line":99,"column":null}},"type":"cond-expr","locations":[{"start":{"line":99,"column":40},"end":{"line":99,"column":86}},{"start":{"line":99,"column":89},"end":{"line":99,"column":null}}]},"9":{"loc":{"start":{"line":102,"column":99},"end":{"line":102,"column":165}},"type":"cond-expr","locations":[{"start":{"line":102,"column":125},"end":{"line":102,"column":144}},{"start":{"line":102,"column":147},"end":{"line":102,"column":165}}]}},"s":{"0":1,"1":1,"2":1,"3":1,"4":0,"5":0,"6":0,"7":0,"8":0,"9":0,"10":0,"11":0,"12":0,"13":1},"f":{"0":0,"1":0,"2":0,"3":0,"4":0},"b":{"0":[0,0],"1":[0,0],"2":[0,0],"3":[0,0],"4":[0,0],"5":[0,0],"6":[0,0],"7":[0,0,0],"8":[0,0],"9":[0,0]}}
,"C:\\Code\\BowlingAppAi\\src\\components\\admin\\players\\PlayerForm.tsx": {"path":"C:\\Code\\BowlingAppAi\\src\\components\\admin\\players\\PlayerForm.tsx","statementMap":{"0":{"start":{"line":1,"column":0},"end":{"line":1,"column":26}},"1":{"start":{"line":2,"column":0},"end":{"line":2,"column":67}},"2":{"start":{"line":12,"column":53},"end":{"line":69,"column":1}},"3":{"start":{"line":13,"column":16},"end":{"line":13,"column":32}},"4":{"start":{"line":15,"column":2},"end":{"line":68,"column":4}},"5":{"start":{"line":29,"column":31},"end":{"line":29,"column":91}},"6":{"start":{"line":41,"column":31},"end":{"line":41,"column":92}},"7":{"start":{"line":52,"column":31},"end":{"line":52,"column":90}},"8":{"start":{"line":12,"column":13},"end":{"line":12,"column":53}}},"fnMap":{"0":{"name":"(anonymous_0)","decl":{"start":{"line":12,"column":53},"end":{"line":12,"column":54}},"loc":{"start":{"line":12,"column":119},"end":{"line":69,"column":1}}},"1":{"name":"(anonymous_1)","decl":{"start":{"line":29,"column":24},"end":{"line":29,"column":25}},"loc":{"start":{"line":29,"column":31},"end":{"line":29,"column":91}}},"2":{"name":"(anonymous_2)","decl":{"start":{"line":41,"column":24},"end":{"line":41,"column":25}},"loc":{"start":{"line":41,"column":31},"end":{"line":41,"column":92}}},"3":{"name":"(anonymous_3)","decl":{"start":{"line":52,"column":24},"end":{"line":52,"column":25}},"loc":{"start":{"line":52,"column":31},"end":{"line":52,"column":90}}}},"branchMap":{"0":{"loc":{"start":{"line":18,"column":9},"end":{"line":18,"column":72}},"type":"cond-expr","locations":[{"start":{"line":18,"column":21},"end":{"line":18,"column":44}},{"start":{"line":18,"column":47},"end":{"line":18,"column":72}}]},"1":{"loc":{"start":{"line":60,"column":13},"end":{"line":60,"column":75}},"type":"cond-expr","locations":[{"start":{"line":60,"column":25},"end":{"line":60,"column":50}},{"start":{"line":60,"column":53},"end":{"line":60,"column":75}}]}},"s":{"0":1,"1":1,"2":1,"3":0,"4":0,"5":0,"6":0,"7":0,"8":1},"f":{"0":0,"1":0,"2":0,"3":0},"b":{"0":[0,0],"1":[0,0]}}
,"C:\\Code\\BowlingAppAi\\src\\components\\admin\\players\\PlayerRegistry.tsx": {"path":"C:\\Code\\BowlingAppAi\\src\\components\\admin\\players\\PlayerRegistry.tsx","statementMap":{"0":{"start":{"line":1,"column":0},"end":{"line":1,"column":31}},"1":{"start":{"line":2,"column":0},"end":{"line":2,"column":73}},"2":{"start":{"line":3,"column":0},"end":{"line":3,"column":63}},"3":{"start":{"line":4,"column":0},"end":{"line":4,"column":68}},"4":{"start":{"line":5,"column":0},"end":{"line":5,"column":67}},"5":{"start":{"line":6,"column":0},"end":{"line":6,"column":null}},"6":{"start":{"line":13,"column":0},"end":{"line":13,"column":66}},"7":{"start":{"line":15,"column":0},"end":{"line":15,"column":69}},"8":{"start":{"line":16,"column":0},"end":{"line":16,"column":68}},"9":{"start":{"line":17,"column":0},"end":{"line":17,"column":42}},"10":{"start":{"line":18,"column":0},"end":{"line":18,"column":58}},"11":{"start":{"line":20,"column":61},"end":{"line":437,"column":1}},"12":{"start":{"line":26,"column":16},"end":{"line":26,"column":32}},"13":{"start":{"line":27,"column":34},"end":{"line":27,"column":55}},"14":{"start":{"line":28,"column":36},"end":{"line":28,"column":71}},"15":{"start":{"line":29,"column":34},"end":{"line":34,"column":4}},"16":{"start":{"line":35,"column":38},"end":{"line":35,"column":56}},"17":{"start":{"line":36,"column":48},"end":{"line":36,"column":69}},"18":{"start":{"line":37,"column":38},"end":{"line":37,"column":66}},"19":{"start":{"line":38,"column":42},"end":{"line":38,"column":70}},"20":{"start":{"line":39,"column":38},"end":{"line":39,"column":76}},"21":{"start":{"line":41,"column":27},"end":{"line":41,"column":44}},"22":{"start":{"line":42,"column":29},"end":{"line":42,"column":46}},"23":{"start":{"line":44,"column":23},"end":{"line":79,"column":3}},"24":{"start":{"line":45,"column":4},"end":{"line":45,"column":23}},"25":{"start":{"line":47,"column":23},"end":{"line":47,"column":45}},"26":{"start":{"line":48,"column":23},"end":{"line":48,"column":49}},"27":{"start":{"line":50,"column":4},"end":{"line":53,"column":5}},"28":{"start":{"line":51,"column":6},"end":{"line":51,"column":30}},"29":{"start":{"line":52,"column":6},"end":{"line":52,"column":13}},"30":{"start":{"line":55,"column":24},"end":{"line":55,"column":56}},"31":{"start":{"line":56,"column":27},"end":{"line":59,"column":null}},"32":{"start":{"line":57,"column":6},"end":{"line":59,"column":24}},"33":{"start":{"line":62,"column":4},"end":{"line":65,"column":5}},"34":{"start":{"line":63,"column":6},"end":{"line":63,"column":47}},"35":{"start":{"line":64,"column":6},"end":{"line":64,"column":13}},"36":{"start":{"line":67,"column":4},"end":{"line":74,"column":5}},"37":{"start":{"line":68,"column":6},"end":{"line":68,"column":53}},"38":{"start":{"line":69,"column":6},"end":{"line":69,"column":58}},"39":{"start":{"line":70,"column":6},"end":{"line":70,"column":25}},"40":{"start":{"line":72,"column":6},"end":{"line":72,"column":42}},"41":{"start":{"line":73,"column":6},"end":{"line":73,"column":58}},"42":{"start":{"line":76,"column":4},"end":{"line":76,"column":79}},"43":{"start":{"line":77,"column":4},"end":{"line":77,"column":23}},"44":{"start":{"line":78,"column":4},"end":{"line":78,"column":29}},"45":{"start":{"line":81,"column":21},"end":{"line":90,"column":3}},"46":{"start":{"line":82,"column":4},"end":{"line":87,"column":7}},"47":{"start":{"line":88,"column":4},"end":{"line":88,"column":28}},"48":{"start":{"line":89,"column":4},"end":{"line":89,"column":22}},"49":{"start":{"line":92,"column":23},"end":{"line":117,"column":3}},"50":{"start":{"line":93,"column":19},"end":{"line":93,"column":47}},"51":{"start":{"line":95,"column":21},"end":{"line":95,"column":44}},"52":{"start":{"line":96,"column":28},"end":{"line":96,"column":80}},"53":{"start":{"line":96,"column":52},"end":{"line":96,"column":79}},"54":{"start":{"line":98,"column":4},"end":{"line":109,"column":5}},"55":{"start":{"line":99,"column":26},"end":{"line":103,"column":null}},"56":{"start":{"line":101,"column":25},"end":{"line":101,"column":64}},"57":{"start":{"line":102,"column":10},"end":{"line":102,"column":57}},"58":{"start":{"line":106,"column":32},"end":{"line":106,"column":81}},"59":{"start":{"line":107,"column":6},"end":{"line":107,"column":240}},"60":{"start":{"line":107,"column":176},"end":{"line":107,"column":184}},"61":{"start":{"line":108,"column":6},"end":{"line":108,"column":13}},"62":{"start":{"line":111,"column":30},"end":{"line":111,"column":79}},"63":{"start":{"line":112,"column":4},"end":{"line":116,"column":5}},"64":{"start":{"line":113,"column":6},"end":{"line":113,"column":34}},"65":{"start":{"line":114,"column":6},"end":{"line":114,"column":64}},"66":{"start":{"line":115,"column":6},"end":{"line":115,"column":31}},"67":{"start":{"line":119,"column":23},"end":{"line":123,"column":3}},"68":{"start":{"line":120,"column":4},"end":{"line":120,"column":79}},"69":{"start":{"line":121,"column":4},"end":{"line":121,"column":23}},"70":{"start":{"line":122,"column":4},"end":{"line":122,"column":23}},"71":{"start":{"line":126,"column":27},"end":{"line":147,"column":3}},"72":{"start":{"line":127,"column":17},"end":{"line":127,"column":36}},"73":{"start":{"line":128,"column":4},"end":{"line":128,"column":22}},"74":{"start":{"line":128,"column":15},"end":{"line":128,"column":22}},"75":{"start":{"line":130,"column":19},"end":{"line":130,"column":35}},"76":{"start":{"line":131,"column":4},"end":{"line":144,"column":6}},"77":{"start":{"line":132,"column":6},"end":{"line":143,"column":7}},"78":{"start":{"line":133,"column":24},"end":{"line":133,"column":54}},"79":{"start":{"line":134,"column":8},"end":{"line":140,"column":9}},"80":{"start":{"line":135,"column":10},"end":{"line":135,"column":45}},"81":{"start":{"line":136,"column":15},"end":{"line":140,"column":9}},"82":{"start":{"line":137,"column":10},"end":{"line":137,"column":44}},"83":{"start":{"line":139,"column":10},"end":{"line":139,"column":52}},"84":{"start":{"line":142,"column":8},"end":{"line":142,"column":46}},"85":{"start":{"line":145,"column":4},"end":{"line":145,"column":28}},"86":{"start":{"line":146,"column":4},"end":{"line":146,"column":24}},"87":{"start":{"line":149,"column":26},"end":{"line":154,"column":3}},"88":{"start":{"line":150,"column":4},"end":{"line":150,"column":96}},"89":{"start":{"line":150,"column":25},"end":{"line":150,"column":96}},"90":{"start":{"line":151,"column":4},"end":{"line":151,"column":94}},"91":{"start":{"line":151,"column":24},"end":{"line":151,"column":94}},"92":{"start":{"line":152,"column":4},"end":{"line":152,"column":54}},"93":{"start":{"line":152,"column":35},"end":{"line":152,"column":54}},"94":{"start":{"line":153,"column":4},"end":{"line":153,"column":32}},"95":{"start":{"line":156,"column":28},"end":{"line":168,"column":3}},"96":{"start":{"line":157,"column":4},"end":{"line":167,"column":5}},"97":{"start":{"line":158,"column":21},"end":{"line":160,"column":109}},"98":{"start":{"line":162,"column":6},"end":{"line":162,"column":38}},"99":{"start":{"line":163,"column":6},"end":{"line":163,"column":37}},"100":{"start":{"line":164,"column":6},"end":{"line":164,"column":31}},"101":{"start":{"line":166,"column":6},"end":{"line":166,"column":27}},"102":{"start":{"line":170,"column":30},"end":{"line":203,"column":3}},"103":{"start":{"line":171,"column":23},"end":{"line":171,"column":24}},"104":{"start":{"line":172,"column":25},"end":{"line":172,"column":26}},"105":{"start":{"line":174,"column":4},"end":{"line":187,"column":5}},"106":{"start":{"line":175,"column":29},"end":{"line":177,"column":null}},"107":{"start":{"line":176,"column":8},"end":{"line":177,"column":70}},"108":{"start":{"line":180,"column":6},"end":{"line":183,"column":7}},"109":{"start":{"line":181,"column":8},"end":{"line":181,"column":25}},"110":{"start":{"line":182,"column":8},"end":{"line":182,"column":17}},"111":{"start":{"line":185,"column":6},"end":{"line":185,"column":42}},"112":{"start":{"line":186,"column":6},"end":{"line":186,"column":21}},"113":{"start":{"line":189,"column":4},"end":{"line":189,"column":30}},"114":{"start":{"line":190,"column":4},"end":{"line":190,"column":22}},"115":{"start":{"line":191,"column":4},"end":{"line":191,"column":24}},"116":{"start":{"line":192,"column":4},"end":{"line":192,"column":29}},"117":{"start":{"line":194,"column":18},"end":{"line":194,"column":56}},"118":{"start":{"line":195,"column":4},"end":{"line":195,"column":69}},"119":{"start":{"line":196,"column":4},"end":{"line":198,"column":5}},"120":{"start":{"line":197,"column":6},"end":{"line":197,"column":75}},"121":{"start":{"line":199,"column":4},"end":{"line":201,"column":5}},"122":{"start":{"line":200,"column":6},"end":{"line":200,"column":74}},"123":{"start":{"line":202,"column":4},"end":{"line":202,"column":19}},"124":{"start":{"line":205,"column":29},"end":{"line":209,"column":3}},"125":{"start":{"line":206,"column":4},"end":{"line":206,"column":30}},"126":{"start":{"line":207,"column":4},"end":{"line":207,"column":22}},"127":{"start":{"line":208,"column":4},"end":{"line":208,"column":24}},"128":{"start":{"line":211,"column":2},"end":{"line":231,"column":3}},"129":{"start":{"line":212,"column":4},"end":{"line":230,"column":6}},"130":{"start":{"line":234,"column":26},"end":{"line":239,"column":4}},"131":{"start":{"line":235,"column":17},"end":{"line":235,"column":41}},"132":{"start":{"line":236,"column":4},"end":{"line":238,"column":59}},"133":{"start":{"line":241,"column":50},"end":{"line":241,"column":117}},"134":{"start":{"line":242,"column":24},"end":{"line":242,"column":88}},"135":{"start":{"line":244,"column":2},"end":{"line":247,"column":19}},"136":{"start":{"line":245,"column":4},"end":{"line":245,"column":33}},"137":{"start":{"line":246,"column":4},"end":{"line":246,"column":35}},"138":{"start":{"line":249,"column":24},"end":{"line":249,"column":59}},"139":{"start":{"line":249,"column":50},"end":{"line":249,"column":58}},"140":{"start":{"line":250,"column":26},"end":{"line":250,"column":62}},"141":{"start":{"line":250,"column":52},"end":{"line":250,"column":61}},"142":{"start":{"line":252,"column":33},"end":{"line":252,"column":73}},"143":{"start":{"line":253,"column":35},"end":{"line":253,"column":79}},"144":{"start":{"line":255,"column":2},"end":{"line":436,"column":4}},"145":{"start":{"line":286,"column":31},"end":{"line":286,"column":60}},"146":{"start":{"line":291,"column":31},"end":{"line":291,"column":48}},"147":{"start":{"line":306,"column":33},"end":{"line":306,"column":97}},"148":{"start":{"line":306,"column":65},"end":{"line":306,"column":96}},"149":{"start":{"line":307,"column":16},"end":{"line":307,"column":54}},"150":{"start":{"line":307,"column":30},"end":{"line":307,"column":54}},"151":{"start":{"line":312,"column":16},"end":{"line":312,"column":43}},"152":{"start":{"line":323,"column":33},"end":{"line":323,"column":64}},"153":{"start":{"line":329,"column":33},"end":{"line":329,"column":65}},"154":{"start":{"line":366,"column":14},"end":{"line":366,"column":35}},"155":{"start":{"line":372,"column":43},"end":{"line":372,"column":61}},"156":{"start":{"line":375,"column":43},"end":{"line":375,"column":66}},"157":{"start":{"line":402,"column":14},"end":{"line":402,"column":35}},"158":{"start":{"line":408,"column":43},"end":{"line":408,"column":61}},"159":{"start":{"line":20,"column":13},"end":{"line":20,"column":61}}},"fnMap":{"0":{"name":"(anonymous_0)","decl":{"start":{"line":20,"column":61},"end":{"line":20,"column":62}},"loc":{"start":{"line":25,"column":5},"end":{"line":437,"column":1}}},"1":{"name":"(anonymous_1)","decl":{"start":{"line":44,"column":23},"end":{"line":44,"column":28}},"loc":{"start":{"line":44,"column":52},"end":{"line":79,"column":3}}},"2":{"name":"(anonymous_2)","decl":{"start":{"line":56,"column":40},"end":{"line":56,"column":41}},"loc":{"start":{"line":57,"column":6},"end":{"line":59,"column":24}}},"3":{"name":"(anonymous_3)","decl":{"start":{"line":81,"column":21},"end":{"line":81,"column":22}},"loc":{"start":{"line":81,"column":40},"end":{"line":90,"column":3}}},"4":{"name":"(anonymous_4)","decl":{"start":{"line":92,"column":23},"end":{"line":92,"column":28}},"loc":{"start":{"line":92,"column":44},"end":{"line":117,"column":3}}},"5":{"name":"(anonymous_5)","decl":{"start":{"line":96,"column":44},"end":{"line":96,"column":48}},"loc":{"start":{"line":96,"column":52},"end":{"line":96,"column":79}}},"6":{"name":"(anonymous_6)","decl":{"start":{"line":100,"column":28},"end":{"line":100,"column":33}},"loc":{"start":{"line":100,"column":41},"end":{"line":103,"column":9}}},"7":{"name":"(anonymous_7)","decl":{"start":{"line":107,"column":171},"end":{"line":107,"column":172}},"loc":{"start":{"line":107,"column":176},"end":{"line":107,"column":184}}},"8":{"name":"(anonymous_8)","decl":{"start":{"line":119,"column":23},"end":{"line":119,"column":26}},"loc":{"start":{"line":119,"column":28},"end":{"line":123,"column":3}}},"9":{"name":"(anonymous_9)","decl":{"start":{"line":126,"column":27},"end":{"line":126,"column":28}},"loc":{"start":{"line":126,"column":70},"end":{"line":147,"column":3}}},"10":{"name":"(anonymous_10)","decl":{"start":{"line":131,"column":20},"end":{"line":131,"column":21}},"loc":{"start":{"line":131,"column":30},"end":{"line":144,"column":5}}},"11":{"name":"(anonymous_11)","decl":{"start":{"line":149,"column":26},"end":{"line":149,"column":27}},"loc":{"start":{"line":149,"column":60},"end":{"line":154,"column":3}}},"12":{"name":"(anonymous_12)","decl":{"start":{"line":156,"column":28},"end":{"line":156,"column":29}},"loc":{"start":{"line":156,"column":72},"end":{"line":168,"column":3}}},"13":{"name":"(anonymous_13)","decl":{"start":{"line":170,"column":30},"end":{"line":170,"column":35}},"loc":{"start":{"line":170,"column":41},"end":{"line":203,"column":3}}},"14":{"name":"(anonymous_14)","decl":{"start":{"line":175,"column":42},"end":{"line":175,"column":43}},"loc":{"start":{"line":176,"column":8},"end":{"line":177,"column":70}}},"15":{"name":"(anonymous_15)","decl":{"start":{"line":205,"column":29},"end":{"line":205,"column":32}},"loc":{"start":{"line":205,"column":34},"end":{"line":209,"column":3}}},"16":{"name":"(anonymous_16)","decl":{"start":{"line":234,"column":41},"end":{"line":234,"column":42}},"loc":{"start":{"line":234,"column":45},"end":{"line":239,"column":3}}},"17":{"name":"(anonymous_17)","decl":{"start":{"line":244,"column":18},"end":{"line":244,"column":21}},"loc":{"start":{"line":244,"column":23},"end":{"line":247,"column":3}}},"18":{"name":"(anonymous_18)","decl":{"start":{"line":249,"column":45},"end":{"line":249,"column":46}},"loc":{"start":{"line":249,"column":50},"end":{"line":249,"column":58}}},"19":{"name":"(anonymous_19)","decl":{"start":{"line":250,"column":47},"end":{"line":250,"column":48}},"loc":{"start":{"line":250,"column":52},"end":{"line":250,"column":61}}},"20":{"name":"(anonymous_20)","decl":{"start":{"line":286,"column":24},"end":{"line":286,"column":25}},"loc":{"start":{"line":286,"column":31},"end":{"line":286,"column":60}}},"21":{"name":"(anonymous_21)","decl":{"start":{"line":291,"column":25},"end":{"line":291,"column":28}},"loc":{"start":{"line":291,"column":31},"end":{"line":291,"column":48}}},"22":{"name":"(anonymous_22)","decl":{"start":{"line":305,"column":24},"end":{"line":305,"column":25}},"loc":{"start":{"line":305,"column":28},"end":{"line":308,"column":15}}},"23":{"name":"(anonymous_23)","decl":{"start":{"line":306,"column":58},"end":{"line":306,"column":61}},"loc":{"start":{"line":306,"column":65},"end":{"line":306,"column":96}}},"24":{"name":"(anonymous_24)","decl":{"start":{"line":311,"column":39},"end":{"line":311,"column":42}},"loc":{"start":{"line":312,"column":16},"end":{"line":312,"column":43}}},"25":{"name":"(anonymous_25)","decl":{"start":{"line":323,"column":27},"end":{"line":323,"column":30}},"loc":{"start":{"line":323,"column":33},"end":{"line":323,"column":64}}},"26":{"name":"(anonymous_26)","decl":{"start":{"line":329,"column":27},"end":{"line":329,"column":30}},"loc":{"start":{"line":329,"column":33},"end":{"line":329,"column":65}}},"27":{"name":"(anonymous_27)","decl":{"start":{"line":365,"column":40},"end":{"line":365,"column":41}},"loc":{"start":{"line":366,"column":14},"end":{"line":366,"column":35}}},"28":{"name":"(anonymous_28)","decl":{"start":{"line":372,"column":37},"end":{"line":372,"column":40}},"loc":{"start":{"line":372,"column":43},"end":{"line":372,"column":61}}},"29":{"name":"(anonymous_29)","decl":{"start":{"line":375,"column":37},"end":{"line":375,"column":40}},"loc":{"start":{"line":375,"column":43},"end":{"line":375,"column":66}}},"30":{"name":"(anonymous_30)","decl":{"start":{"line":401,"column":42},"end":{"line":401,"column":43}},"loc":{"start":{"line":402,"column":14},"end":{"line":402,"column":35}}},"31":{"name":"(anonymous_31)","decl":{"start":{"line":408,"column":37},"end":{"line":408,"column":40}},"loc":{"start":{"line":408,"column":43},"end":{"line":408,"column":61}}}},"branchMap":{"0":{"loc":{"start":{"line":50,"column":4},"end":{"line":53,"column":5}},"type":"if","locations":[{"start":{"line":50,"column":4},"end":{"line":53,"column":5}},{"start":{},"end":{}}]},"1":{"loc":{"start":{"line":57,"column":6},"end":{"line":59,"column":24}},"type":"binary-expr","locations":[{"start":{"line":57,"column":6},"end":{"line":57,"column":70}},{"start":{"line":58,"column":6},"end":{"line":58,"column":68}},{"start":{"line":59,"column":6},"end":{"line":59,"column":24}}]},"2":{"loc":{"start":{"line":62,"column":4},"end":{"line":65,"column":5}},"type":"if","locations":[{"start":{"line":62,"column":4},"end":{"line":65,"column":5}},{"start":{},"end":{}}]},"3":{"loc":{"start":{"line":67,"column":4},"end":{"line":74,"column":5}},"type":"if","locations":[{"start":{"line":67,"column":4},"end":{"line":74,"column":5}},{"start":{"line":71,"column":11},"end":{"line":74,"column":5}}]},"4":{"loc":{"start":{"line":84,"column":18},"end":{"line":84,"column":41}},"type":"binary-expr","locations":[{"start":{"line":84,"column":18},"end":{"line":84,"column":35}},{"start":{"line":84,"column":39},"end":{"line":84,"column":41}}]},"5":{"loc":{"start":{"line":98,"column":4},"end":{"line":109,"column":5}},"type":"if","locations":[{"start":{"line":98,"column":4},"end":{"line":109,"column":5}},{"start":{},"end":{}}]},"6":{"loc":{"start":{"line":102,"column":17},"end":{"line":102,"column":56}},"type":"cond-expr","locations":[{"start":{"line":102,"column":26},"end":{"line":102,"column":37}},{"start":{"line":102,"column":40},"end":{"line":102,"column":56}}]},"7":{"loc":{"start":{"line":106,"column":32},"end":{"line":106,"column":81}},"type":"cond-expr","locations":[{"start":{"line":106,"column":41},"end":{"line":106,"column":69}},{"start":{"line":106,"column":72},"end":{"line":106,"column":81}}]},"8":{"loc":{"start":{"line":111,"column":30},"end":{"line":111,"column":79}},"type":"cond-expr","locations":[{"start":{"line":111,"column":39},"end":{"line":111,"column":67}},{"start":{"line":111,"column":70},"end":{"line":111,"column":79}}]},"9":{"loc":{"start":{"line":112,"column":4},"end":{"line":116,"column":5}},"type":"if","locations":[{"start":{"line":112,"column":4},"end":{"line":116,"column":5}},{"start":{},"end":{}}]},"10":{"loc":{"start":{"line":128,"column":4},"end":{"line":128,"column":22}},"type":"if","locations":[{"start":{"line":128,"column":4},"end":{"line":128,"column":22}},{"start":{},"end":{}}]},"11":{"loc":{"start":{"line":134,"column":8},"end":{"line":140,"column":9}},"type":"if","locations":[{"start":{"line":134,"column":8},"end":{"line":140,"column":9}},{"start":{"line":136,"column":15},"end":{"line":140,"column":9}}]},"12":{"loc":{"start":{"line":136,"column":15},"end":{"line":140,"column":9}},"type":"if","locations":[{"start":{"line":136,"column":15},"end":{"line":140,"column":9}},{"start":{"line":138,"column":15},"end":{"line":140,"column":9}}]},"13":{"loc":{"start":{"line":150,"column":4},"end":{"line":150,"column":96}},"type":"if","locations":[{"start":{"line":150,"column":4},"end":{"line":150,"column":96}},{"start":{},"end":{}}]},"14":{"loc":{"start":{"line":151,"column":4},"end":{"line":151,"column":94}},"type":"if","locations":[{"start":{"line":151,"column":4},"end":{"line":151,"column":94}},{"start":{},"end":{}}]},"15":{"loc":{"start":{"line":152,"column":4},"end":{"line":152,"column":54}},"type":"if","locations":[{"start":{"line":152,"column":4},"end":{"line":152,"column":54}},{"start":{},"end":{}}]},"16":{"loc":{"start":{"line":158,"column":21},"end":{"line":160,"column":109}},"type":"cond-expr","locations":[{"start":{"line":159,"column":10},"end":{"line":159,"column":59}},{"start":{"line":160,"column":10},"end":{"line":160,"column":109}}]},"17":{"loc":{"start":{"line":176,"column":8},"end":{"line":177,"column":70}},"type":"binary-expr","locations":[{"start":{"line":176,"column":8},"end":{"line":176,"column":72}},{"start":{"line":177,"column":8},"end":{"line":177,"column":70}}]},"18":{"loc":{"start":{"line":180,"column":6},"end":{"line":183,"column":7}},"type":"if","locations":[{"start":{"line":180,"column":6},"end":{"line":183,"column":7}},{"start":{},"end":{}}]},"19":{"loc":{"start":{"line":196,"column":4},"end":{"line":198,"column":5}},"type":"if","locations":[{"start":{"line":196,"column":4},"end":{"line":198,"column":5}},{"start":{},"end":{}}]},"20":{"loc":{"start":{"line":199,"column":4},"end":{"line":201,"column":5}},"type":"if","locations":[{"start":{"line":199,"column":4},"end":{"line":201,"column":5}},{"start":{},"end":{}}]},"21":{"loc":{"start":{"line":211,"column":2},"end":{"line":231,"column":3}},"type":"if","locations":[{"start":{"line":211,"column":2},"end":{"line":231,"column":3}},{"start":{},"end":{}}]},"22":{"loc":{"start":{"line":236,"column":11},"end":{"line":238,"column":58}},"type":"binary-expr","locations":[{"start":{"line":236,"column":11},"end":{"line":236,"column":51}},{"start":{"line":237,"column":6},"end":{"line":237,"column":45}},{"start":{"line":238,"column":6},"end":{"line":238,"column":58}}]},"23":{"loc":{"start":{"line":242,"column":54},"end":{"line":242,"column":87}},"type":"binary-expr","locations":[{"start":{"line":242,"column":54},"end":{"line":242,"column":64}},{"start":{"line":242,"column":68},"end":{"line":242,"column":87}}]},"24":{"loc":{"start":{"line":271,"column":7},"end":{"line":351,"column":null}},"type":"cond-expr","locations":[{"start":{"line":272,"column":8},"end":{"line":277,"column":null}},{"start":{"line":280,"column":8},"end":{"line":350,"column":null}}]},"25":{"loc":{"start":{"line":307,"column":16},"end":{"line":307,"column":54}},"type":"if","locations":[{"start":{"line":307,"column":16},"end":{"line":307,"column":54}},{"start":{},"end":{}}]},"26":{"loc":{"start":{"line":361,"column":9},"end":{"line":388,"column":null}},"type":"cond-expr","locations":[{"start":{"line":362,"column":10},"end":{"line":362,"column":90}},{"start":{"line":364,"column":10},"end":{"line":387,"column":null}}]},"27":{"loc":{"start":{"line":393,"column":7},"end":{"line":422,"column":null}},"type":"binary-expr","locations":[{"start":{"line":393,"column":7},"end":{"line":393,"column":33}},{"start":{"line":394,"column":8},"end":{"line":421,"column":null}}]},"28":{"loc":{"start":{"line":426,"column":7},"end":{"line":433,"column":null}},"type":"binary-expr","locations":[{"start":{"line":426,"column":7},"end":{"line":426,"column":22}},{"start":{"line":427,"column":8},"end":{"line":432,"column":null}}]}},"s":{"0":1,"1":1,"2":1,"3":1,"4":1,"5":1,"6":1,"7":1,"8":1,"9":1,"10":1,"11":1,"12":1,"13":1,"14":1,"15":1,"16":1,"17":1,"18":1,"19":1,"20":1,"21":1,"22":1,"23":1,"24":0,"25":0,"26":0,"27":0,"28":0,"29":0,"30":0,"31":0,"32":0,"33":0,"34":0,"35":0,"36":0,"37":0,"38":0,"39":0,"40":0,"41":0,"42":0,"43":0,"44":0,"45":1,"46":0,"47":0,"48":0,"49":1,"50":0,"51":0,"52":0,"53":0,"54":0,"55":0,"56":0,"57":0,"58":0,"59":0,"60":0,"61":0,"62":0,"63":0,"64":0,"65":0,"66":0,"67":1,"68":0,"69":0,"70":0,"71":1,"72":0,"73":0,"74":0,"75":0,"76":0,"77":0,"78":0,"79":0,"80":0,"81":0,"82":0,"83":0,"84":0,"85":0,"86":0,"87":1,"88":0,"89":0,"90":0,"91":0,"92":0,"93":0,"94":0,"95":1,"96":0,"97":0,"98":0,"99":0,"100":0,"101":0,"102":1,"103":0,"104":0,"105":0,"106":0,"107":0,"108":0,"109":0,"110":0,"111":0,"112":0,"113":0,"114":0,"115":0,"116":0,"117":0,"118":0,"119":0,"120":0,"121":0,"122":0,"123":0,"124":1,"125":0,"126":0,"127":0,"128":1,"129":0,"130":1,"131":0,"132":0,"133":1,"134":1,"135":1,"136":1,"137":1,"138":1,"139":0,"140":1,"141":0,"142":1,"143":1,"144":1,"145":0,"146":0,"147":0,"148":0,"149":0,"150":0,"151":4,"152":0,"153":0,"154":0,"155":0,"156":0,"157":0,"158":0,"159":1},"f":{"0":1,"1":0,"2":0,"3":0,"4":0,"5":0,"6":0,"7":0,"8":0,"9":0,"10":0,"11":0,"12":0,"13":0,"14":0,"15":0,"16":0,"17":1,"18":0,"19":0,"20":0,"21":0,"22":0,"23":0,"24":4,"25":0,"26":0,"27":0,"28":0,"29":0,"30":0,"31":0},"b":{"0":[0,0],"1":[0,0,0],"2":[0,0],"3":[0,0],"4":[0,0],"5":[0,0],"6":[0,0],"7":[0,0],"8":[0,0],"9":[0,0],"10":[0,0],"11":[0,0],"12":[0,0],"13":[0,0],"14":[0,0],"15":[0,0],"16":[0,0],"17":[0,0],"18":[0,0],"19":[0,0],"20":[0,0],"21":[0,1],"22":[0,0,0],"23":[1,0],"24":[0,1],"25":[0,0],"26":[1,0],"27":[1,0],"28":[1,0]}}
,"C:\\Code\\BowlingAppAi\\src\\components\\admin\\shared\\BonusRulesConfiguration.tsx": {"path":"C:\\Code\\BowlingAppAi\\src\\components\\admin\\shared\\BonusRulesConfiguration.tsx","statementMap":{"0":{"start":{"line":1,"column":0},"end":{"line":1,"column":26}},"1":{"start":{"line":2,"column":0},"end":{"line":2,"column":67}},"2":{"start":{"line":3,"column":0},"end":{"line":3,"column":63}},"3":{"start":{"line":22,"column":79},"end":{"line":209,"column":1}},"4":{"start":{"line":31,"column":16},"end":{"line":31,"column":32}},"5":{"start":{"line":33,"column":27},"end":{"line":77,"column":3}},"6":{"start":{"line":34,"column":20},"end":{"line":34,"column":35}},"7":{"start":{"line":35,"column":4},"end":{"line":75,"column":5}},"8":{"start":{"line":36,"column":6},"end":{"line":74,"column":7}},"9":{"start":{"line":38,"column":10},"end":{"line":44,"column":11}},"10":{"start":{"line":39,"column":12},"end":{"line":43,"column":14}},"11":{"start":{"line":45,"column":10},"end":{"line":45,"column":16}},"12":{"start":{"line":47,"column":10},"end":{"line":52,"column":11}},"13":{"start":{"line":48,"column":12},"end":{"line":51,"column":14}},"14":{"start":{"line":53,"column":10},"end":{"line":53,"column":16}},"15":{"start":{"line":56,"column":29},"end":{"line":56,"column":49}},"16":{"start":{"line":57,"column":12},"end":{"line":60,"column":14}},"17":{"start":{"line":62,"column":10},"end":{"line":62,"column":16}},"18":{"start":{"line":65,"column":29},"end":{"line":65,"column":49}},"19":{"start":{"line":66,"column":12},"end":{"line":69,"column":14}},"20":{"start":{"line":71,"column":10},"end":{"line":71,"column":16}},"21":{"start":{"line":73,"column":10},"end":{"line":73,"column":16}},"22":{"start":{"line":76,"column":4},"end":{"line":76,"column":32}},"23":{"start":{"line":79,"column":27},"end":{"line":82,"column":3}},"24":{"start":{"line":80,"column":20},"end":{"line":80,"column":58}},"25":{"start":{"line":80,"column":48},"end":{"line":80,"column":57}},"26":{"start":{"line":81,"column":4},"end":{"line":81,"column":32}},"27":{"start":{"line":84,"column":2},"end":{"line":208,"column":4}},"28":{"start":{"line":90,"column":25},"end":{"line":90,"column":131}},"29":{"start":{"line":105,"column":27},"end":{"line":105,"column":79}},"30":{"start":{"line":118,"column":29},"end":{"line":118,"column":86}},"31":{"start":{"line":128,"column":10},"end":{"line":128,"column":61}},"32":{"start":{"line":134,"column":33},"end":{"line":134,"column":78}},"33":{"start":{"line":146,"column":33},"end":{"line":146,"column":83}},"34":{"start":{"line":165,"column":33},"end":{"line":165,"column":83}},"35":{"start":{"line":177,"column":33},"end":{"line":177,"column":80}},"36":{"start":{"line":185,"column":33},"end":{"line":185,"column":54}},"37":{"start":{"line":22,"column":13},"end":{"line":22,"column":79}}},"fnMap":{"0":{"name":"(anonymous_0)","decl":{"start":{"line":22,"column":79},"end":{"line":22,"column":80}},"loc":{"start":{"line":30,"column":5},"end":{"line":209,"column":1}}},"1":{"name":"(anonymous_1)","decl":{"start":{"line":33,"column":27},"end":{"line":33,"column":28}},"loc":{"start":{"line":33,"column":82},"end":{"line":77,"column":3}}},"2":{"name":"(anonymous_2)","decl":{"start":{"line":79,"column":27},"end":{"line":79,"column":28}},"loc":{"start":{"line":79,"column":43},"end":{"line":82,"column":3}}},"3":{"name":"(anonymous_3)","decl":{"start":{"line":80,"column":38},"end":{"line":80,"column":39}},"loc":{"start":{"line":80,"column":48},"end":{"line":80,"column":57}}},"4":{"name":"(anonymous_4)","decl":{"start":{"line":90,"column":19},"end":{"line":90,"column":22}},"loc":{"start":{"line":90,"column":25},"end":{"line":90,"column":131}}},"5":{"name":"(anonymous_5)","decl":{"start":{"line":105,"column":22},"end":{"line":105,"column":23}},"loc":{"start":{"line":105,"column":27},"end":{"line":105,"column":79}}},"6":{"name":"(anonymous_6)","decl":{"start":{"line":118,"column":24},"end":{"line":118,"column":25}},"loc":{"start":{"line":118,"column":29},"end":{"line":118,"column":86}}},"7":{"name":"(anonymous_7)","decl":{"start":{"line":127,"column":24},"end":{"line":127,"column":25}},"loc":{"start":{"line":128,"column":10},"end":{"line":128,"column":61}}},"8":{"name":"(anonymous_8)","decl":{"start":{"line":134,"column":28},"end":{"line":134,"column":29}},"loc":{"start":{"line":134,"column":33},"end":{"line":134,"column":78}}},"9":{"name":"(anonymous_9)","decl":{"start":{"line":146,"column":28},"end":{"line":146,"column":29}},"loc":{"start":{"line":146,"column":33},"end":{"line":146,"column":83}}},"10":{"name":"(anonymous_10)","decl":{"start":{"line":165,"column":28},"end":{"line":165,"column":29}},"loc":{"start":{"line":165,"column":33},"end":{"line":165,"column":83}}},"11":{"name":"(anonymous_11)","decl":{"start":{"line":177,"column":28},"end":{"line":177,"column":29}},"loc":{"start":{"line":177,"column":33},"end":{"line":177,"column":80}}},"12":{"name":"(anonymous_12)","decl":{"start":{"line":185,"column":27},"end":{"line":185,"column":30}},"loc":{"start":{"line":185,"column":33},"end":{"line":185,"column":54}}}},"branchMap":{"0":{"loc":{"start":{"line":29,"column":2},"end":{"line":29,"column":18}},"type":"default-arg","locations":[{"start":{"line":29,"column":13},"end":{"line":29,"column":18}}]},"1":{"loc":{"start":{"line":35,"column":4},"end":{"line":75,"column":5}},"type":"if","locations":[{"start":{"line":35,"column":4},"end":{"line":75,"column":5}},{"start":{},"end":{}}]},"2":{"loc":{"start":{"line":36,"column":6},"end":{"line":74,"column":7}},"type":"switch","locations":[{"start":{"line":37,"column":8},"end":{"line":45,"column":16}},{"start":{"line":46,"column":8},"end":{"line":53,"column":16}},{"start":{"line":54,"column":8},"end":{"line":62,"column":16}},{"start":{"line":63,"column":8},"end":{"line":71,"column":16}},{"start":{"line":72,"column":8},"end":{"line":73,"column":16}}]},"3":{"loc":{"start":{"line":38,"column":10},"end":{"line":44,"column":11}},"type":"if","locations":[{"start":{"line":38,"column":10},"end":{"line":44,"column":11}},{"start":{},"end":{}}]},"4":{"loc":{"start":{"line":38,"column":14},"end":{"line":38,"column":52}},"type":"binary-expr","locations":[{"start":{"line":38,"column":14},"end":{"line":38,"column":32}},{"start":{"line":38,"column":36},"end":{"line":38,"column":52}}]},"5":{"loc":{"start":{"line":42,"column":25},"end":{"line":42,"column":71}},"type":"cond-expr","locations":[{"start":{"line":42,"column":44},"end":{"line":42,"column":56}},{"start":{"line":42,"column":59},"end":{"line":42,"column":71}}]},"6":{"loc":{"start":{"line":47,"column":10},"end":{"line":52,"column":11}},"type":"if","locations":[{"start":{"line":47,"column":10},"end":{"line":52,"column":11}},{"start":{},"end":{}}]},"7":{"loc":{"start":{"line":47,"column":14},"end":{"line":47,"column":62}},"type":"binary-expr","locations":[{"start":{"line":47,"column":14},"end":{"line":47,"column":36}},{"start":{"line":47,"column":40},"end":{"line":47,"column":62}}]},"8":{"loc":{"start":{"line":56,"column":29},"end":{"line":56,"column":49}},"type":"binary-expr","locations":[{"start":{"line":56,"column":29},"end":{"line":56,"column":44}},{"start":{"line":56,"column":48},"end":{"line":56,"column":49}}]},"9":{"loc":{"start":{"line":65,"column":29},"end":{"line":65,"column":49}},"type":"binary-expr","locations":[{"start":{"line":65,"column":29},"end":{"line":65,"column":44}},{"start":{"line":65,"column":48},"end":{"line":65,"column":49}}]},"10":{"loc":{"start":{"line":112,"column":11},"end":{"line":121,"column":null}},"type":"binary-expr","locations":[{"start":{"line":112,"column":11},"end":{"line":112,"column":37}},{"start":{"line":113,"column":12},"end":{"line":120,"column":null}}]},"11":{"loc":{"start":{"line":123,"column":11},"end":{"line":124,"column":null}},"type":"binary-expr","locations":[{"start":{"line":123,"column":11},"end":{"line":123,"column":37}},{"start":{"line":124,"column":12},"end":{"line":124,"column":101}}]},"12":{"loc":{"start":{"line":148,"column":28},"end":{"line":148,"column":60}},"type":"binary-expr","locations":[{"start":{"line":148,"column":28},"end":{"line":148,"column":36}},{"start":{"line":148,"column":40},"end":{"line":148,"column":60}}]},"13":{"loc":{"start":{"line":150,"column":19},"end":{"line":151,"column":null}},"type":"binary-expr","locations":[{"start":{"line":150,"column":19},"end":{"line":150,"column":41}},{"start":{"line":151,"column":20},"end":{"line":151,"column":91}}]},"14":{"loc":{"start":{"line":158,"column":19},"end":{"line":158,"column":107}},"type":"cond-expr","locations":[{"start":{"line":158,"column":53},"end":{"line":158,"column":80}},{"start":{"line":158,"column":83},"end":{"line":158,"column":107}}]},"15":{"loc":{"start":{"line":194,"column":15},"end":{"line":194,"column":93}},"type":"cond-expr","locations":[{"start":{"line":194,"column":40},"end":{"line":194,"column":66}},{"start":{"line":194,"column":69},"end":{"line":194,"column":93}}]},"16":{"loc":{"start":{"line":194,"column":174},"end":{"line":196,"column":68}},"type":"cond-expr","locations":[{"start":{"line":195,"column":18},"end":{"line":195,"column":71}},{"start":{"line":196,"column":18},"end":{"line":196,"column":68}}]},"17":{"loc":{"start":{"line":201,"column":9},"end":{"line":204,"column":null}},"type":"binary-expr","locations":[{"start":{"line":201,"column":9},"end":{"line":201,"column":32}},{"start":{"line":202,"column":10},"end":{"line":203,"column":null}}]}},"s":{"0":1,"1":1,"2":1,"3":1,"4":0,"5":0,"6":0,"7":0,"8":0,"9":0,"10":0,"11":0,"12":0,"13":0,"14":0,"15":0,"16":0,"17":0,"18":0,"19":0,"20":0,"21":0,"22":0,"23":0,"24":0,"25":0,"26":0,"27":0,"28":0,"29":0,"30":0,"31":0,"32":0,"33":0,"34":0,"35":0,"36":0,"37":1},"f":{"0":0,"1":0,"2":0,"3":0,"4":0,"5":0,"6":0,"7":0,"8":0,"9":0,"10":0,"11":0,"12":0},"b":{"0":[0],"1":[0,0],"2":[0,0,0,0,0],"3":[0,0],"4":[0,0],"5":[0,0],"6":[0,0],"7":[0,0],"8":[0,0],"9":[0,0],"10":[0,0],"11":[0,0],"12":[0,0],"13":[0,0],"14":[0,0],"15":[0,0],"16":[0,0],"17":[0,0]}}
[...]
rtUtils.ts": {"path":"C:\\Code\\BowlingAppAi\\src\\utils\\importExportUtils.ts","statementMap":{"0":{"start":{"line":16,"column":27},"end":{"line":46,"column":1}},"1":{"start":{"line":20,"column":2},"end":{"line":23,"column":3}},"2":{"start":{"line":21,"column":4},"end":{"line":21,"column":31}},"3":{"start":{"line":22,"column":4},"end":{"line":22,"column":11}},"4":{"start":{"line":26,"column":18},"end":{"line":26,"column":78}},"5":{"start":{"line":26,"column":58},"end":{"line":26,"column":75}},"6":{"start":{"line":27,"column":18},"end":{"line":27,"column":35}},"7":{"start":{"line":29,"column":21},"end":{"line":43,"column":14}},"8":{"start":{"line":32,"column":6},"end":{"line":41,"column":18}},"9":{"start":{"line":33,"column":22},"end":{"line":33,"column":31}},"10":{"start":{"line":35,"column":8},"end":{"line":35,"column":61}},"11":{"start":{"line":35,"column":51},"end":{"line":35,"column":61}},"12":{"start":{"line":36,"column":28},"end":{"line":36,"column":41}},"13":{"start":{"line":37,"column":8},"end":{"line":39,"column":9}},"14":{"start":{"line":38,"column":10},"end":{"line":38,"column":56}},"15":{"start":{"line":40,"column":8},"end":{"line":40,"column":27}},"16":{"start":{"line":45,"column":2},"end":{"line":45,"column":91}},"17":{"start":{"line":16,"column":13},"end":{"line":16,"column":27}},"18":{"start":{"line":53,"column":28},"end":{"line":61,"column":1}},"19":{"start":{"line":54,"column":2},"end":{"line":57,"column":3}},"20":{"start":{"line":55,"column":4},"end":{"line":55,"column":31}},"21":{"start":{"line":56,"column":4},"end":{"line":56,"column":11}},"22":{"start":{"line":59,"column":22},"end":{"line":59,"column":51}},"23":{"start":{"line":60,"column":2},"end":{"line":60,"column":86}},"24":{"start":{"line":53,"column":13},"end":{"line":53,"column":28}},"25":{"start":{"line":70,"column":31},"end":{"line":100,"column":1}},"26":{"start":{"line":75,"column":2},"end":{"line":99,"column":3}},"27":{"start":{"line":76,"column":17},"end":{"line":76,"column":36}},"28":{"start":{"line":77,"column":18},"end":{"line":77,"column":53}},"29":{"start":{"line":79,"column":29},"end":{"line":79,"column":31}},"30":{"start":{"line":80,"column":27},"end":{"line":80,"column":29}},"31":{"start":{"line":82,"column":4},"end":{"line":94,"column":7}},"32":{"start":{"line":84,"column":26},"end":{"line":84,"column":37}},"33":{"start":{"line":85,"column":6},"end":{"line":85,"column":65}},"34":{"start":{"line":85,"column":38},"end":{"line":85,"column":63}},"35":{"start":{"line":87,"column":25},"end":{"line":87,"column":48}},"36":{"start":{"line":88,"column":6},"end":{"line":91,"column":7}},"37":{"start":{"line":89,"column":8},"end":{"line":89,"column":61}},"38":{"start":{"line":90,"column":8},"end":{"line":90,"column":15}},"39":{"start":{"line":93,"column":6},"end":{"line":93,"column":39}},"40":{"start":{"line":96,"column":4},"end":{"line":96,"column":33}},"41":{"start":{"line":98,"column":4},"end":{"line":98,"column":53}},"42":{"start":{"line":70,"column":13},"end":{"line":70,"column":31}},"43":{"start":{"line":110,"column":30},"end":{"line":166,"column":1}},"44":{"start":{"line":116,"column":2},"end":{"line":165,"column":3}},"45":{"start":{"line":117,"column":18},"end":{"line":117,"column":65}},"46":{"start":{"line":117,"column":53},"end":{"line":117,"column":64}},"47":{"start":{"line":118,"column":4},"end":{"line":120,"column":5}},"48":{"start":{"line":119,"column":6},"end":{"line":119,"column":83}},"49":{"start":{"line":122,"column":20},"end":{"line":122,"column":81}},"50":{"start":{"line":122,"column":50},"end":{"line":122,"column":80}},"51":{"start":{"line":123,"column":29},"end":{"line":123,"column":31}},"52":{"start":{"line":124,"column":27},"end":{"line":124,"column":29}},"53":{"start":{"line":126,"column":4},"end":{"line":160,"column":5}},"54":{"start":{"line":126,"column":17},"end":{"line":126,"column":18}},"55":{"start":{"line":127,"column":19},"end":{"line":127,"column":27}},"56":{"start":{"line":128,"column":6},"end":{"line":128,"column":26}},"57":{"start":{"line":128,"column":17},"end":{"line":128,"column":26}},"58":{"start":{"line":130,"column":21},"end":{"line":130,"column":39}},"59":{"start":{"line":132,"column":6},"end":{"line":135,"column":7}},"60":{"start":{"line":133,"column":8},"end":{"line":133,"column":110}},"61":{"start":{"line":134,"column":8},"end":{"line":134,"column":17}},"62":{"start":{"line":137,"column":28},"end":{"line":137,"column":30}},"63":{"start":{"line":138,"column":6},"end":{"line":151,"column":9}},"64":{"start":{"line":140,"column":8},"end":{"line":140,"column":52}},"65":{"start":{"line":140,"column":45},"end":{"line":140,"column":52}},"66":{"start":{"line":142,"column":25},"end":{"line":142,"column":38}},"67":{"start":{"line":145,"column":8},"end":{"line":150,"column":9}},"68":{"start":{"line":146,"column":10},"end":{"line":146,"column":60}},"69":{"start":{"line":147,"column":15},"end":{"line":150,"column":9}},"70":{"start":{"line":149,"column":10},"end":{"line":149,"column":35}},"71":{"start":{"line":153,"column":25},"end":{"line":153,"column":45}},"72":{"start":{"line":154,"column":6},"end":{"line":157,"column":7}},"73":{"start":{"line":155,"column":8},"end":{"line":155,"column":57}},"74":{"start":{"line":156,"column":8},"end":{"line":156,"column":17}},"75":{"start":{"line":159,"column":6},"end":{"line":159,"column":36}},"76":{"start":{"line":162,"column":4},"end":{"line":162,"column":33}},"77":{"start":{"line":164,"column":4},"end":{"line":164,"column":51}},"78":{"start":{"line":110,"column":13},"end":{"line":110,"column":30}},"79":{"start":{"line":173,"column":28},"end":{"line":199,"column":1}},"80":{"start":{"line":174,"column":27},"end":{"line":174,"column":29}},"81":{"start":{"line":175,"column":16},"end":{"line":175,"column":18}},"82":{"start":{"line":176,"column":17},"end":{"line":176,"column":22}},"83":{"start":{"line":178,"column":2},"end":{"line":195,"column":3}},"84":{"start":{"line":178,"column":15},"end":{"line":178,"column":16}},"85":{"start":{"line":179,"column":17},"end":{"line":179,"column":24}},"86":{"start":{"line":180,"column":21},"end":{"line":180,"column":32}},"87":{"start":{"line":182,"column":4},"end":{"line":194,"column":5}},"88":{"start":{"line":183,"column":6},"end":{"line":188,"column":7}},"89":{"start":{"line":184,"column":8},"end":{"line":184,"column":23}},"90":{"start":{"line":185,"column":8},"end":{"line":185,"column":12}},"91":{"start":{"line":187,"column":8},"end":{"line":187,"column":29}},"92":{"start":{"line":189,"column":11},"end":{"line":194,"column":5}},"93":{"start":{"line":190,"column":6},"end":{"line":190,"column":34}},"94":{"start":{"line":191,"column":6},"end":{"line":191,"column":19}},"95":{"start":{"line":193,"column":6},"end":{"line":193,"column":22}},"96":{"start":{"line":197,"column":2},"end":{"line":197,"column":30}},"97":{"start":{"line":198,"column":2},"end":{"line":198,"column":16}},"98":{"start":{"line":173,"column":13},"end":{"line":173,"column":28}},"99":{"start":{"line":204,"column":21},"end":{"line":219,"column":1}},"100":{"start":{"line":206,"column":14},"end":{"line":206,"column":22}},"101":{"start":{"line":207,"column":25},"end":{"line":207,"column":75}},"102":{"start":{"line":209,"column":15},"end":{"line":209,"column":61}},"103":{"start":{"line":210,"column":15},"end":{"line":210,"column":42}},"104":{"start":{"line":211,"column":14},"end":{"line":211,"column":39}},"105":{"start":{"line":212,"column":2},"end":{"line":212,"column":33}},"106":{"start":{"line":213,"column":2},"end":{"line":213,"column":42}},"107":{"start":{"line":214,"column":2},"end":{"line":214,"column":35}},"108":{"start":{"line":215,"column":2},"end":{"line":215,"column":34}},"109":{"start":{"line":216,"column":2},"end":{"line":216,"column":15}},"110":{"start":{"line":217,"column":2},"end":{"line":217,"column":34}},"111":{"start":{"line":218,"column":2},"end":{"line":218,"column":27}},"112":{"start":{"line":224,"column":21},"end":{"line":226,"column":1}},"113":{"start":{"line":225,"column":2},"end":{"line":225,"column":49}},"114":{"start":{"line":231,"column":32},"end":{"line":234,"column":1}},"115":{"start":{"line":232,"column":21},"end":{"line":232,"column":47}},"116":{"start":{"line":233,"column":2},"end":{"line":233,"column":77}},"117":{"start":{"line":231,"column":13},"end":{"line":231,"column":32}}},"fnMap":{"0":{"name":"(anonymous_0)","decl":{"start":{"line":16,"column":27},"end":{"line":16,"column":null}},"loc":{"start":{"line":19,"column":10},"end":{"line":46,"column":1}}},"1":{"name":"(anonymous_1)","decl":{"start":{"line":26,"column":50},"end":{"line":26,"column":54}},"loc":{"start":{"line":26,"column":58},"end":{"line":26,"column":75}}},"2":{"name":"(anonymous_2)","decl":{"start":{"line":31,"column":16},"end":{"line":31,"column":20}},"loc":{"start":{"line":32,"column":6},"end":{"line":41,"column":18}}},"3":{"name":"(anonymous_3)","decl":{"start":{"line":32,"column":18},"end":{"line":32,"column":21}},"loc":{"start":{"line":32,"column":24},"end":{"line":41,"column":7}}},"4":{"name":"(anonymous_4)","decl":{"start":{"line":53,"column":28},"end":{"line":53,"column":32}},"loc":{"start":{"line":53,"column":69},"end":{"line":61,"column":1}}},"5":{"name":"(anonymous_5)","decl":{"start":{"line":70,"column":31},"end":{"line":70,"column":null}},"loc":{"start":{"line":74,"column":20},"end":{"line":100,"column":1}}},"6":{"name":"(anonymous_6)","decl":{"start":{"line":82,"column":18},"end":{"line":82,"column":19}},"loc":{"start":{"line":82,"column":34},"end":{"line":94,"column":5}}},"7":{"name":"(anonymous_7)","decl":{"start":{"line":85,"column":29},"end":{"line":85,"column":34}},"loc":{"start":{"line":85,"column":38},"end":{"line":85,"column":63}}},"8":{"name":"(anonymous_8)","decl":{"start":{"line":110,"column":30},"end":{"line":110,"column":null}},"loc":{"start":{"line":115,"column":20},"end":{"line":166,"column":1}}},"9":{"name":"(anonymous_9)","decl":{"start":{"line":117,"column":45},"end":{"line":117,"column":49}},"loc":{"start":{"line":117,"column":53},"end":{"line":117,"column":64}}},"10":{"name":"(anonymous_10)","decl":{"start":{"line":122,"column":45},"end":{"line":122,"column":46}},"loc":{"start":{"line":122,"column":50},"end":{"line":122,"column":80}}},"11":{"name":"(anonymous_11)","decl":{"start":{"line":138,"column":22},"end":{"line":138,"column":23}},"loc":{"start":{"line":138,"column":40},"end":{"line":151,"column":7}}},"12":{"name":"(anonymous_12)","decl":{"start":{"line":173,"column":28},"end":{"line":173,"column":29}},"loc":{"start":{"line":173,"column":55},"end":{"line":199,"column":1}}},"13":{"name":"(anonymous_13)","decl":{"start":{"line":204,"column":21},"end":{"line":204,"column":22}},"loc":{"start":{"line":204,"column":83},"end":{"line":219,"column":1}}},"14":{"name":"(anonymous_14)","decl":{"start":{"line":224,"column":21},"end":{"line":224,"column":32}},"loc":{"start":{"line":224,"column":34},"end":{"line":226,"column":1}}},"15":{"name":"(anonymous_15)","decl":{"start":{"line":231,"column":32},"end":{"line":231,"column":33}},"loc":{"start":{"line":231,"column":59},"end":{"line":234,"column":1}}}},"branchMap":{"0":{"loc":{"start":{"line":20,"column":2},"end":{"line":23,"column":3}},"type":"if","locations":[{"start":{"line":20,"column":2},"end":{"line":23,"column":3}},{"start":{},"end":{}}]},"1":{"loc":{"start":{"line":35,"column":8},"end":{"line":35,"column":61}},"type":"if","locations":[{"start":{"line":35,"column":8},"end":{"line":35,"column":61}},{"start":{},"end":{}}]},"2":{"loc":{"start":{"line":35,"column":12},"end":{"line":35,"column":49}},"type":"binary-expr","locations":[{"start":{"line":35,"column":12},"end":{"line":35,"column":26}},{"start":{"line":35,"column":30},"end":{"line":35,"column":49}}]},"3":{"loc":{"start":{"line":37,"column":8},"end":{"line":39,"column":9}},"type":"if","locations":[{"start":{"line":37,"column":8},"end":{"line":39,"column":9}},{"start":{},"end":{}}]},"4":{"loc":{"start":{"line":37,"column":12},"end":{"line":37,"column":96}},"type":"binary-expr","locations":[{"start":{"line":37,"column":12},"end":{"line":37,"column":37}},{"start":{"line":37,"column":41},"end":{"line":37,"column":66}},{"start":{"line":37,"column":70},"end":{"line":37,"column":96}}]},"5":{"loc":{"start":{"line":54,"column":2},"end":{"line":57,"column":3}},"type":"if","locations":[{"start":{"line":54,"column":2},"end":{"line":57,"column":3}},{"start":{},"end":{}}]},"6":{"loc":{"start":{"line":73,"column":2},"end":{"line":73,"column":48}},"type":"default-arg","locations":[{"start":{"line":73,"column":29},"end":{"line":73,"column":48}}]},"7":{"loc":{"start":{"line":77,"column":18},"end":{"line":77,"column":53}},"type":"cond-expr","locations":[{"start":{"line":77,"column":40},"end":{"line":77,"column":44}},{"start":{"line":77,"column":47},"end":{"line":77,"column":53}}]},"8":{"loc":{"start":{"line":88,"column":6},"end":{"line":91,"column":7}},"type":"if","locations":[{"start":{"line":88,"column":6},"end":{"line":91,"column":7}},{"start":{},"end":{}}]},"9":{"loc":{"start":{"line":113,"column":2},"end":{"line":113,"column":48}},"type":"default-arg","locations":[{"start":{"line":113,"column":29},"end":{"line":113,"column":48}}]},"10":{"loc":{"start":{"line":114,"column":2},"end":{"line":114,"column":62}},"type":"default-arg","locations":[{"start":{"line":114,"column":60},"end":{"line":114,"column":62}}]},"11":{"loc":{"start":{"line":118,"column":4},"end":{"line":120,"column":5}},"type":"if","locations":[{"start":{"line":118,"column":4},"end":{"line":120,"column":5}},{"start":{},"end":{}}]},"12":{"loc":{"start":{"line":128,"column":6},"end":{"line":128,"column":26}},"type":"if","locations":[{"start":{"line":128,"column":6},"end":{"line":128,"column":26}},{"start":{},"end":{}}]},"13":{"loc":{"start":{"line":132,"column":6},"end":{"line":135,"column":7}},"type":"if","locations":[{"start":{"line":132,"column":6},"end":{"line":135,"column":7}},{"start":{},"end":{}}]},"14":{"loc":{"start":{"line":140,"column":8},"end":{"line":140,"column":52}},"type":"if","locations":[{"start":{"line":140,"column":8},"end":{"line":140,"column":52}},{"start":{},"end":{}}]},"15":{"loc":{"start":{"line":145,"column":8},"end":{"line":150,"column":9}},"type":"if","locations":[{"start":{"line":145,"column":8},"end":{"line":150,"column":9}},{"start":{"line":147,"column":15},"end":{"line":150,"column":9}}]},"16":{"loc":{"start":{"line":147,"column":15},"end":{"line":150,"column":9}},"type":"if","locations":[{"start":{"line":147,"column":15},"end":{"line":150,"column":9}},{"start":{},"end":{}}]},"17":{"loc":{"start":{"line":154,"column":6},"end":{"line":157,"column":7}},"type":"if","locations":[{"start":{"line":154,"column":6},"end":{"line":157,"column":7}},{"start":{},"end":{}}]},"18":{"loc":{"start":{"line":182,"column":4},"end":{"line":194,"column":5}},"type":"if","locations":[{"start":{"line":182,"column":4},"end":{"line":194,"column":5}},{"start":{"line":189,"column":11},"end":{"line":194,"column":5}}]},"19":{"loc":{"start":{"line":183,"column":6},"end":{"line":188,"column":7}},"type":"if","locations":[{"start":{"line":183,"column":6},"end":{"line":188,"column":7}},{"start":{"line":186,"column":13},"end":{"line":188,"column":7}}]},"20":{"loc":{"start":{"line":183,"column":10},"end":{"line":183,"column":38}},"type":"binary-expr","locations":[{"start":{"line":183,"column":10},"end":{"line":183,"column":18}},{"start":{"line":183,"column":22},"end":{"line":183,"column":38}}]},"21":{"loc":{"start":{"line":189,"column":11},"end":{"line":194,"column":5}},"type":"if","locations":[{"start":{"line":189,"column":11},"end":{"line":194,"column":5}},{"start":{"line":192,"column":11},"end":{"line":194,"column":5}}]},"22":{"loc":{"start":{"line":189,"column":15},"end":{"line":189,"column":40}},"type":"binary-expr","locations":[{"start":{"line":189,"column":15},"end":{"line":189,"column":27}},{"start":{"line":189,"column":31},"end":{"line":189,"column":40}}]},"23":{"loc":{"start":{"line":207,"column":25},"end":{"line":207,"column":75}},"type":"cond-expr","locations":[{"start":{"line":207,"column":52},"end":{"line":207,"column":65}},{"start":{"line":207,"column":68},"end":{"line":207,"column":75}}]},"24":{"loc":{"start":{"line":233,"column":9},"end":{"line":233,"column":76}},"type":"binary-expr","locations":[{"start":{"line":233,"column":9},"end":{"line":233,"column":30}},{"start":{"line":233,"column":34},"end":{"line":233,"column":52}},{"start":{"line":233,"column":56},"end":{"line":233,"column":76}}]}},"s":{"0":1,"1":0,"2":0,"3":0,"4":0,"5":0,"6":0,"7":0,"8":0,"9":0,"10":0,"11":0,"12":0,"13":0,"14":0,"15":0,"16":0,"17":1,"18":1,"19":0,"20":0,"21":0,"22":0,"23":0,"24":1,"25":1,"26":0,"27":0,"28":0,"29":0,"30":0,"31":0,"32":0,"33":0,"34":0,"35":0,"36":0,"37":0,"38":0,"39":0,"40":0,"41":0,"42":1,"43":1,"44":0,"45":0,"46":0,"47":0,"48":0,"49":0,"50":0,"51":0,"52":0,"53":0,"54":0,"55":0,"56":0,"57":0,"58":0,"59":0,"60":0,"61":0,"62":0,"63":0,"64":0,"65":0,"66":0,"67":0,"68":0,"69":0,"70":0,"71":0,"72":0,"73":0,"74":0,"75":0,"76":0,"77":0,"78":1,"79":1,"80":0,"81":0,"82":0,"83":0,"84":0,"85":0,"86":0,"87":0,"88":0,"89":0,"90":0,"91":0,"92":0,"93":0,"94":0,"95":0,"96":0,"97":0,"98":1,"99":1,"100":0,"101":0,"102":0,"103":0,"104":0,"105":0,"106":0,"107":0,"108":0,"109":0,"110":0,"111":0,"112":1,"113":0,"114":1,"115":0,"116":0,"117":1},"f":{"0":0,"1":0,"2":0,"3":0,"4":0,"5":0,"6":0,"7":0,"8":0,"9":0,"10":0,"11":0,"12":0,"13":0,"14":0,"15":0},"b":{"0":[0,0],"1":[0,0],"2":[0,0],"3":[0,0],"4":[0,0,0],"5":[0,0],"6":[0],"7":[0,0],"8":[0,0],"9":[0],"10":[0],"11":[0,0],"12":[0,0],"13":[0,0],"14":[0,0],"15":[0,0],"16":[0,0],"17":[0,0],"18":[0,0],"19":[0,0],"20":[0,0],"21":[0,0],"22":[0,0],"23":[0,0],"24":[0,0,0]}}
,"C:\\Code\\BowlingAppAi\\src\\utils\\playerUtils.ts": {"path":"C:\\Code\\BowlingAppAi\\src\\utils\\playerUtils.ts","statementMap":{"0":{"start":{"line":3,"column":0},"end":{"line":3,"column":16}},"1":{"start":{"line":7,"column":0},"end":{"line":7,"column":16}},"2":{"start":{"line":4,"column":2},"end":{"line":4,"column":57}},"3":{"start":{"line":8,"column":2},"end":{"line":10,"column":3}},"4":{"start":{"line":9,"column":4},"end":{"line":9,"column":80}},"5":{"start":{"line":11,"column":2},"end":{"line":11,"column":38}}},"fnMap":{"0":{"name":"getPlayerDisplayName","decl":{"start":{"line":3,"column":16},"end":{"line":3,"column":36}},"loc":{"start":{"line":3,"column":83},"end":{"line":5,"column":1}}},"1":{"name":"getPlayerFullName","decl":{"start":{"line":7,"column":16},"end":{"line":7,"column":33}},"loc":{"start":{"line":7,"column":95},"end":{"line":12,"column":1}}}},"branchMap":{"0":{"loc":{"start":{"line":8,"column":2},"end":{"line":10,"column":3}},"type":"if","locations":[{"start":{"line":8,"column":2},"end":{"line":10,"column":3}},{"start":{},"end":{}}]}},"s":{"0":2,"1":2,"2":0,"3":0,"4":0,"5":0},"f":{"0":0,"1":0},"b":{"0":[0,0]}}
,"C:\\Code\\BowlingAppAi\\src\\utils\\sortUtils.ts": {"path":"C:\\Code\\BowlingAppAi\\src\\utils\\sortUtils.ts","statementMap":{"0":{"start":{"line":8,"column":0},"end":{"line":8,"column":16}},"1":{"start":{"line":9,"column":2},"end":{"line":16,"column":5}},"2":{"start":{"line":10,"column":16},"end":{"line":10,"column":26}},"3":{"start":{"line":11,"column":4},"end":{"line":15,"column":5}},"4":{"start":{"line":12,"column":6},"end":{"line":12,"column":94}},"5":{"start":{"line":14,"column":6},"end":{"line":14,"column":94}}},"fnMap":{"0":{"name":"sortByOption","decl":{"start":{"line":8,"column":16},"end":{"line":8,"column":28}},"loc":{"start":{"line":8,"column":63},"end":{"line":17,"column":1}}},"1":{"name":"(anonymous_1)","decl":{"start":{"line":9,"column":23},"end":{"line":9,"column":24}},"loc":{"start":{"line":9,"column":32},"end":{"line":16,"column":3}}}},"branchMap":{"0":{"loc":{"start":{"line":11,"column":4},"end":{"line":15,"column":5}},"type":"if","locations":[{"start":{"line":11,"column":4},"end":{"line":15,"column":5}},{"start":{"line":13,"column":11},"end":{"line":15,"column":5}}]}},"s":{"0":1,"1":1,"2":0,"3":0,"4":0,"5":0},"f":{"0":1,"1":0},"b":{"0":[0,0]}}
}
