TN:
SF:src\components\admin\AdminDashboard.tsx
FN:7,(anonymous_0)
FN:17,(anonymous_1)
FN:45,(anonymous_2)
FN:54,(anonymous_3)
FN:63,(anonymous_4)
FN:72,(anonymous_5)
FN:88,(anonymous_6)
FN:96,(anonymous_7)
FN:98,(anonymous_8)
FN:106,(anonymous_9)
FN:107,(anonymous_10)
FN:108,(anonymous_11)
FN:115,(anonymous_12)
FN:124,(anonymous_13)
FNF:14
FNH:1
FNDA:1,(anonymous_0)
FNDA:0,(anonymous_1)
FNDA:0,(anonymous_2)
FNDA:0,(anonymous_3)
FNDA:0,(anonymous_4)
FNDA:0,(anonymous_5)
FNDA:0,(anonymous_6)
FNDA:0,(anonymous_7)
FNDA:0,(anonymous_8)
FNDA:0,(anonymous_9)
FNDA:0,(anonymous_10)
FNDA:0,(anonymous_11)
FNDA:0,(anonymous_12)
FNDA:0,(anonymous_13)
DA:1,1
DA:2,1
DA:3,1
DA:7,1
DA:15,1
DA:16,1
DA:17,1
DA:19,1
DA:20,0
DA:34,1
DA:45,0
DA:54,0
DA:63,0
DA:72,0
DA:88,0
DA:97,0
DA:98,0
DA:101,0
DA:102,0
DA:103,0
DA:106,0
DA:107,0
DA:108,0
DA:109,0
DA:110,0
DA:114,0
DA:115,0
DA:116,0
DA:120,0
DA:124,0
LF:30
LH:9
BRDA:19,0,0,0
BRDA:19,0,1,1
BRDA:24,1,0,0
BRDA:24,1,1,0
BRDA:39,2,0,1
BRDA:39,2,1,1
BRDA:84,3,0,1
BRDA:84,3,1,0
BRDA:97,4,0,0
BRDA:97,4,1,0
BRDA:102,5,0,0
BRDA:102,5,1,0
BRDA:102,6,0,0
BRDA:102,6,1,0
BRDA:103,7,0,0
BRDA:103,7,1,0
BRDA:109,8,0,0
BRDA:109,8,1,0
BRDA:110,9,0,0
BRDA:110,9,1,0
BRDA:114,10,0,0
BRDA:114,10,1,0
BRDA:115,11,0,0
BRDA:115,11,1,0
BRDA:115,12,0,0
BRDA:115,12,1,0
BRDA:129,13,0,0
BRDA:129,13,1,0
BRDA:132,14,0,0
BRDA:132,14,1,0
BRDA:137,15,0,0
BRDA:137,15,1,0
BRDA:139,16,0,0
BRDA:139,16,1,0
BRDA:140,17,0,0
BRDA:140,17,1,0
BRDA:147,18,0,0
BRDA:147,18,1,0
BRDA:149,19,0,0
BRDA:149,19,1,0
BRF:40
BRH:4
end_of_record
TN:
SF:src\components\admin\league\LeagueManagement.tsx
FN:14,getDefaultSeasonConfigurations
FN:34,getDefaultFormData
FN:44,(anonymous_2)
FN:60,(anonymous_3)
FN:61,(anonymous_4)
FN:69,(anonymous_5)
FN:73,(anonymous_6)
FN:86,(anonymous_7)
FN:101,(anonymous_8)
FN:126,(anonymous_9)
FN:156,(anonymous_10)
FN:157,(anonymous_11)
FN:161,(anonymous_12)
FN:181,(anonymous_13)
FN:201,(anonymous_14)
FN:207,(anonymous_15)
FN:208,(anonymous_16)
FN:245,(anonymous_17)
FN:257,(anonymous_18)
FN:272,(anonymous_19)
FN:273,(anonymous_20)
FN:274,(anonymous_21)
FN:275,(anonymous_22)
FN:276,(anonymous_23)
FN:283,(anonymous_24)
FN:284,(anonymous_25)
FN:292,(anonymous_26)
FN:293,(anonymous_27)
FN:294,(anonymous_28)
FN:302,(anonymous_29)
FN:303,(anonymous_30)
FN:304,(anonymous_31)
FN:314,(anonymous_32)
FN:315,(anonymous_33)
FN:316,(anonymous_34)
FN:341,(anonymous_35)
FN:363,(anonymous_36)
FN:365,(anonymous_37)
FN:392,(anonymous_38)
FN:398,(anonymous_39)
FN:404,(anonymous_40)
FN:412,(anonymous_41)
FN:439,(anonymous_42)
FN:457,(anonymous_43)
FN:463,(anonymous_44)
FNF:45
FNH:5
FNDA:1,getDefaultSeasonConfigurations
FNDA:1,getDefaultFormData
FNDA:1,(anonymous_2)
FNDA:0,(anonymous_3)
FNDA:0,(anonymous_4)
FNDA:1,(anonymous_5)
FNDA:1,(anonymous_6)
FNDA:0,(anonymous_7)
FNDA:0,(anonymous_8)
FNDA:0,(anonymous_9)
FNDA:0,(anonymous_10)
FNDA:0,(anonymous_11)
FNDA:0,(anonymous_12)
FNDA:0,(anonymous_13)
FNDA:0,(anonymous_14)
FNDA:0,(anonymous_15)
FNDA:0,(anonymous_16)
FNDA:0,(anonymous_17)
FNDA:0,(anonymous_18)
FNDA:0,(anonymous_19)
FNDA:0,(anonymous_20)
FNDA:0,(anonymous_21)
FNDA:0,(anonymous_22)
FNDA:0,(anonymous_23)
FNDA:0,(anonymous_24)
FNDA:0,(anonymous_25)
FNDA:0,(anonymous_26)
FNDA:0,(anonymous_27)
FNDA:0,(anonymous_28)
FNDA:0,(anonymous_29)
FNDA:0,(anonymous_30)
FNDA:0,(anonymous_31)
FNDA:0,(anonymous_32)
FNDA:0,(anonymous_33)
FNDA:0,(anonymous_34)
FNDA:0,(anonymous_35)
FNDA:0,(anonymous_36)
FNDA:0,(anonymous_37)
FNDA:0,(anonymous_38)
FNDA:0,(anonymous_39)
FNDA:0,(anonymous_40)
FNDA:0,(anonymous_41)
FNDA:0,(anonymous_42)
FNDA:0,(anonymous_43)
FNDA:0,(anonymous_44)
DA:1,1
DA:2,1
DA:3,1
DA:4,1
DA:5,1
DA:6,1
DA:7,1
DA:8,1
DA:9,1
DA:10,1
DA:15,1
DA:35,1
DA:44,1
DA:45,1
DA:46,1
DA:47,1
DA:48,1
DA:49,1
DA:50,1
DA:60,1
DA:61,0
DA:69,1
DA:70,1
DA:73,1
DA:74,1
DA:75,0
DA:78,0
DA:79,0
DA:80,0
DA:81,0
DA:83,0
DA:86,1
DA:87,0
DA:89,0
DA:93,0
DA:95,0
DA:96,0
DA:97,0
DA:101,0
DA:102,0
DA:106,0
DA:107,0
DA:108,0
DA:111,0
DA:112,0
DA:113,0
DA:114,0
DA:116,0
DA:117,0
DA:120,0
DA:121,0
DA:122,0
DA:123,0
DA:126,1
DA:127,0
DA:128,0
DA:152,0
DA:153,0
DA:156,1
DA:157,0
DA:158,0
DA:160,0
DA:161,0
DA:163,0
DA:164,0
DA:165,0
DA:167,0
DA:169,0
DA:170,0
DA:173,0
DA:174,0
DA:175,0
DA:176,0
DA:177,0
DA:181,1
DA:182,0
DA:184,0
DA:185,0
DA:186,0
DA:187,0
DA:188,0
DA:192,0
DA:193,0
DA:194,0
DA:195,0
DA:196,0
DA:201,1
DA:202,0
DA:203,0
DA:204,0
DA:207,1
DA:208,1
DA:210,1
DA:245,0
DA:257,0
DA:272,0
DA:273,0
DA:274,0
DA:275,0
DA:276,0
DA:283,0
DA:284,0
DA:292,0
DA:293,0
DA:294,0
DA:302,0
DA:303,0
DA:304,0
DA:314,0
DA:315,0
DA:316,0
DA:341,0
DA:364,0
DA:365,0
DA:367,0
DA:392,0
DA:398,0
DA:404,0
DA:412,0
DA:440,0
DA:442,0
DA:457,0
DA:463,0
LF:123
LH:32
BRDA:95,0,0,0
BRDA:95,0,1,0
BRDA:102,1,0,0
BRDA:102,1,1,0
BRDA:106,2,0,0
BRDA:106,2,1,0
BRDA:111,3,0,0
BRDA:111,3,1,0
BRDA:131,4,0,0
BRDA:131,4,1,0
BRDA:132,5,0,0
BRDA:132,5,1,0
BRDA:134,6,0,0
BRDA:134,6,1,0
BRDA:135,7,0,0
BRDA:135,7,1,0
BRDA:136,8,0,0
BRDA:136,8,1,0
BRDA:137,9,0,0
BRDA:137,9,1,0
BRDA:140,10,0,0
BRDA:140,10,1,0
BRDA:141,11,0,0
BRDA:141,11,1,0
BRDA:142,12,0,0
BRDA:142,12,1,0
BRDA:143,13,0,0
BRDA:143,13,1,0
BRDA:145,14,0,0
BRDA:145,14,1,0
BRDA:148,15,0,0
BRDA:148,15,1,0
BRDA:160,16,0,0
BRDA:160,16,1,0
BRDA:164,17,0,0
BRDA:164,17,1,0
BRDA:173,18,0,0
BRDA:173,18,1,0
BRDA:182,19,0,0
BRDA:182,19,1,0
BRDA:184,20,0,0
BRDA:184,20,1,0
BRDA:192,21,0,0
BRDA:192,21,1,0
BRDA:229,22,0,0
BRDA:229,22,1,1
BRDA:232,23,0,0
BRDA:232,23,1,0
BRDA:326,24,0,0
BRDA:326,24,1,0
BRDA:359,25,0,1
BRDA:359,25,1,0
BRDA:364,26,0,0
BRDA:364,26,1,0
BRDA:375,27,0,0
BRDA:375,27,1,0
BRDA:379,28,0,0
BRDA:379,28,1,0
BRDA:380,29,0,0
BRDA:380,29,1,0
BRDA:380,30,0,0
BRDA:380,30,1,0
BRDA:382,31,0,0
BRDA:382,31,1,0
BRDA:384,32,0,0
BRDA:384,32,1,0
BRDA:410,33,0,0
BRDA:410,33,1,0
BRDA:428,34,0,1
BRDA:428,34,1,0
BRDA:440,35,0,0
BRDA:440,35,1,0
BRDA:451,36,0,0
BRDA:451,36,1,0
BRDA:452,37,0,0
BRDA:452,37,1,0
BRF:76
BRH:3
end_of_record
TN:
SF:src\components\admin\players\ImportPreviewModal.tsx
FN:14,(anonymous_0)
FN:32,(anonymous_1)
FN:45,(anonymous_2)
FN:46,(anonymous_3)
FN:64,(anonymous_4)
FNF:5
FNH:0
FNDA:0,(anonymous_0)
FNDA:0,(anonymous_1)
FNDA:0,(anonymous_2)
FNDA:0,(anonymous_3)
FNDA:0,(anonymous_4)
DA:1,1
DA:2,1
DA:3,1
DA:14,1
DA:17,0
DA:19,0
DA:33,0
DA:46,0
DA:47,0
DA:51,0
DA:65,0
DA:66,0
LF:12
LH:4
BRDA:28,0,0,0
BRDA:28,0,1,0
BRDA:39,1,0,0
BRDA:39,1,1,0
BRDA:47,2,0,0
BRDA:47,2,1,0
BRDA:55,3,0,0
BRDA:55,3,1,0
BRDA:62,4,0,0
BRDA:62,4,1,0
BRDA:65,5,0,0
BRDA:65,5,1,0
BRDA:73,6,0,0
BRDA:73,6,1,0
BRDA:86,7,0,0
BRDA:86,7,1,0
BRDA:86,7,2,0
BRDA:99,8,0,0
BRDA:99,8,1,0
BRDA:102,9,0,0
BRDA:102,9,1,0
BRF:21
BRH:0
end_of_record
TN:
SF:src\components\admin\players\PlayerForm.tsx
FN:12,(anonymous_0)
FN:29,(anonymous_1)
FN:41,(anonymous_2)
FN:52,(anonymous_3)
FNF:4
FNH:0
FNDA:0,(anonymous_0)
FNDA:0,(anonymous_1)
FNDA:0,(anonymous_2)
FNDA:0,(anonymous_3)
DA:1,1
DA:2,1
DA:12,1
DA:13,0
DA:15,0
DA:29,0
DA:41,0
DA:52,0
LF:8
LH:3
BRDA:18,0,0,0
BRDA:18,0,1,0
BRDA:60,1,0,0
BRDA:60,1,1,0
BRF:4
BRH:0
end_of_record
TN:
SF:src\components\admin\players\PlayerRegistry.tsx
FN:20,(anonymous_0)
FN:44,(anonymous_1)
FN:56,(anonymous_2)
FN:81,(anonymous_3)
FN:92,(anonymous_4)
FN:96,(anonymous_5)
FN:100,(anonymous_6)
FN:107,(anonymous_7)
FN:119,(anonymous_8)
FN:126,(anonymous_9)
FN:131,(anonymous_10)
FN:149,(anonymous_11)
FN:156,(anonymous_12)
FN:170,(anonymous_13)
FN:175,(anonymous_14)
FN:205,(anonymous_15)
FN:234,(anonymous_16)
FN:244,(anonymous_17)
FN:249,(anonymous_18)
FN:250,(anonymous_19)
FN:286,(anonymous_20)
FN:291,(anonymous_21)
FN:305,(anonymous_22)
FN:306,(anonymous_23)
FN:311,(anonymous_24)
FN:323,(anonymous_25)
FN:329,(anonymous_26)
FN:365,(anonymous_27)
FN:372,(anonymous_28)
FN:375,(anonymous_29)
FN:401,(anonymous_30)
FN:408,(anonymous_31)
FNF:32
FNH:3
FNDA:1,(anonymous_0)
FNDA:0,(anonymous_1)
FNDA:0,(anonymous_2)
FNDA:0,(anonymous_3)
FNDA:0,(anonymous_4)
FNDA:0,(anonymous_5)
FNDA:0,(anonymous_6)
FNDA:0,(anonymous_7)
FNDA:0,(anonymous_8)
FNDA:0,(anonymous_9)
FNDA:0,(anonymous_10)
FNDA:0,(anonymous_11)
FNDA:0,(anonymous_12)
FNDA:0,(anonymous_13)
FNDA:0,(anonymous_14)
FNDA:0,(anonymous_15)
FNDA:0,(anonymous_16)
FNDA:1,(anonymous_17)
FNDA:0,(anonymous_18)
FNDA:0,(anonymous_19)
FNDA:0,(anonymous_20)
FNDA:0,(anonymous_21)
FNDA:0,(anonymous_22)
FNDA:0,(anonymous_23)
FNDA:4,(anonymous_24)
FNDA:0,(anonymous_25)
FNDA:0,(anonymous_26)
FNDA:0,(anonymous_27)
FNDA:0,(anonymous_28)
FNDA:0,(anonymous_29)
FNDA:0,(anonymous_30)
FNDA:0,(anonymous_31)
DA:1,1
DA:2,1
DA:3,1
DA:4,1
DA:5,1
DA:6,1
DA:13,1
DA:15,1
DA:16,1
DA:17,1
DA:18,1
DA:20,1
DA:26,1
DA:27,1
DA:28,1
DA:29,1
DA:35,1
DA:36,1
DA:37,1
DA:38,1
DA:39,1
DA:41,1
DA:42,1
DA:44,1
DA:45,0
DA:47,0
DA:48,0
DA:50,0
DA:51,0
DA:52,0
DA:55,0
DA:56,0
DA:57,0
DA:62,0
DA:63,0
DA:64,0
DA:67,0
DA:68,0
DA:69,0
DA:70,0
DA:72,0
DA:73,0
DA:76,0
DA:77,0
DA:78,0
DA:81,1
DA:82,0
DA:88,0
DA:89,0
DA:92,1
DA:93,0
DA:95,0
DA:96,0
DA:98,0
DA:99,0
DA:101,0
DA:102,0
DA:106,0
DA:107,0
DA:108,0
DA:111,0
DA:112,0
DA:113,0
DA:114,0
DA:115,0
DA:119,1
DA:120,0
DA:121,0
DA:122,0
DA:126,1
DA:127,0
DA:128,0
DA:130,0
DA:131,0
DA:132,0
DA:133,0
DA:134,0
DA:135,0
DA:136,0
DA:137,0
DA:139,0
DA:142,0
DA:145,0
DA:146,0
DA:149,1
DA:150,0
DA:151,0
DA:152,0
DA:153,0
DA:156,1
DA:157,0
DA:158,0
DA:162,0
DA:163,0
DA:164,0
DA:166,0
DA:170,1
DA:171,0
DA:172,0
DA:174,0
DA:175,0
DA:176,0
DA:180,0
DA:181,0
DA:182,0
DA:185,0
DA:186,0
DA:189,0
DA:190,0
DA:191,0
DA:192,0
DA:194,0
DA:195,0
DA:196,0
DA:197,0
DA:199,0
DA:200,0
DA:202,0
DA:205,1
DA:206,0
DA:207,0
DA:208,0
DA:211,1
DA:212,0
DA:234,1
DA:235,0
DA:236,0
DA:241,1
DA:242,1
DA:244,1
DA:245,1
DA:246,1
DA:249,1
DA:250,1
DA:252,1
DA:253,1
DA:255,1
DA:286,0
DA:291,0
DA:306,0
DA:307,0
DA:312,4
DA:323,0
DA:329,0
DA:366,0
DA:372,0
DA:375,0
DA:402,0
DA:408,0
LF:149
LH:45
BRDA:50,0,0,0
BRDA:50,0,1,0
BRDA:57,1,0,0
BRDA:57,1,1,0
BRDA:57,1,2,0
BRDA:62,2,0,0
BRDA:62,2,1,0
BRDA:67,3,0,0
BRDA:67,3,1,0
BRDA:84,4,0,0
BRDA:84,4,1,0
BRDA:98,5,0,0
BRDA:98,5,1,0
BRDA:102,6,0,0
BRDA:102,6,1,0
BRDA:106,7,0,0
BRDA:106,7,1,0
BRDA:111,8,0,0
BRDA:111,8,1,0
BRDA:112,9,0,0
BRDA:112,9,1,0
BRDA:128,10,0,0
BRDA:128,10,1,0
BRDA:134,11,0,0
BRDA:134,11,1,0
BRDA:136,12,0,0
BRDA:136,12,1,0
BRDA:150,13,0,0
BRDA:150,13,1,0
BRDA:151,14,0,0
BRDA:151,14,1,0
BRDA:152,15,0,0
BRDA:152,15,1,0
BRDA:158,16,0,0
BRDA:158,16,1,0
BRDA:176,17,0,0
BRDA:176,17,1,0
BRDA:180,18,0,0
BRDA:180,18,1,0
BRDA:196,19,0,0
BRDA:196,19,1,0
BRDA:199,20,0,0
BRDA:199,20,1,0
BRDA:211,21,0,0
BRDA:211,21,1,1
BRDA:236,22,0,0
BRDA:236,22,1,0
BRDA:236,22,2,0
BRDA:242,23,0,1
BRDA:242,23,1,0
BRDA:271,24,0,0
BRDA:271,24,1,1
BRDA:307,25,0,0
BRDA:307,25,1,0
BRDA:361,26,0,1
BRDA:361,26,1,0
BRDA:393,27,0,1
BRDA:393,27,1,0
BRDA:426,28,0,1
BRDA:426,28,1,0
BRF:60
BRH:6
end_of_record
TN:
SF:src\components\admin\shared\BonusRulesConfiguration.tsx
FN:22,(anonymous_0)
FN:33,(anonymous_1)
FN:79,(anonymous_2)
FN:80,(anonymous_3)
FN:90,(anonymous_4)
FN:105,(anonymous_5)
FN:118,(anonymous_6)
FN:127,(anonymous_7)
FN:134,(anonymous_8)
FN:146,(anonymous_9)
FN:165,(anonymous_10)
FN:177,(anonymous_11)
FN:185,(anonymous_12)
FNF:13
FNH:0
FNDA:0,(anonymous_0)
FNDA:0,(anonymous_1)
FNDA:0,(anonymous_2)
FNDA:0,(anonymous_3)
FNDA:0,(anonymous_4)
FNDA:0,(anonymous_5)
FNDA:0,(anonymous_6)
FNDA:0,(anonymous_7)
FNDA:0,(anonymous_8)
FNDA:0,(anonymous_9)
FNDA:0,(anonymous_10)
FNDA:0,(anonymous_11)
FNDA:0,(anonymous_12)
DA:1,1
DA:2,1
DA:3,1
DA:22,1
DA:31,0
DA:33,0
DA:34,0
DA:35,0
DA:36,0
DA:38,0
DA:39,0
DA:45,0
DA:47,0
DA:48,0
DA:53,0
DA:56,0
DA:57,0
DA:62,0
DA:65,0
DA:66,0
DA:71,0
DA:73,0
DA:76,0
DA:79,0
DA:80,0
DA:81,0
DA:84,0
DA:90,0
DA:105,0
DA:118,0
DA:128,0
DA:134,0
DA:146,0
DA:165,0
DA:177,0
DA:185,0
LF:36
LH:4
BRDA:29,0,0,0
BRDA:35,1,0,0
BRDA:35,1,1,0
BRDA:36,2,0,0
BRDA:36,2,1,0
BRDA:36,2,2,0
BRDA:36,2,3,0
BRDA:36,2,4,0
BRDA:38,3,0,0
BRDA:38,3,1,0
BRDA:38,4,0,0
BRDA:38,4,1,0
BRDA:42,5,0,0
BRDA:42,5,1,0
BRDA:47,6,0,0
BRDA:47,6,1,0
BRDA:47,7,0,0
BRDA:47,7,1,0
BRDA:56,8,0,0
BRDA:56,8,1,0
BRDA:65,9,0,0
BRDA:65,9,1,0
BRDA:112,10,0,0
BRDA:112,10,1,0
BRDA:123,11,0,0
BRDA:123,11,1,0
BRDA:148,12,0,0
BRDA:148,12,1,0
BRDA:150,13,0,0
BRDA:150,13,1,0
BRDA:158,14,0,0
BRDA:158,14,1,0
BRDA:194,15,0,0
BRDA:194,15,1,0
BRDA:194,16,0,0
BRDA:194,16,1,0
BRDA:201,17,0,0
BRDA:201,17,1,0
BRF:38
BRH:0
end_of_record
TN:
SF:src\components\admin\shared\GeneralConfiguration.tsx
FN:18,(anonymous_0)
FN:46,(anonymous_1)
FN:61,(anonymous_2)
FN:76,(anonymous_3)
FN:91,(anonymous_4)
FN:103,(anonymous_5)
FNF:6
FNH:0
FNDA:0,(anonymous_0)
FNDA:0,(anonymous_1)
FNDA:0,(anonymous_2)
FNDA:0,(anonymous_3)
FNDA:0,(anonymous_4)
FNDA:0,(anonymous_5)
DA:1,1
DA:2,1
DA:18,1
DA:31,0
DA:33,0
DA:46,0
DA:61,0
DA:76,0
DA:91,0
DA:103,0
LF:10
LH:3
BRDA:29,0,0,0
BRF:1
BRH:0
end_of_record
TN:
SF:src\components\admin\shared\HandicapConfigurationForm.tsx
FN:20,(anonymous_0)
FN:47,(anonymous_1)
FN:66,(anonymous_2)
FN:83,(anonymous_3)
FNF:4
FNH:0
FNDA:0,(anonymous_0)
FNDA:0,(anonymous_1)
FNDA:0,(anonymous_2)
FNDA:0,(anonymous_3)
DA:1,1
DA:2,1
DA:3,1
DA:20,1
DA:30,0
DA:32,0
DA:47,0
DA:66,0
DA:83,0
LF:9
LH:4
BRDA:27,0,0,0
BRDA:28,1,0,0
BRDA:35,2,0,0
BRDA:35,2,1,0
BRDA:67,3,0,0
BRDA:67,3,1,0
BRDA:68,4,0,0
BRDA:68,4,1,0
BRDA:68,5,0,0
BRDA:68,5,1,0
BRDA:84,6,0,0
BRDA:84,6,1,0
BRDA:85,7,0,0
BRDA:85,7,1,0
BRDA:85,8,0,0
BRDA:85,8,1,0
BRF:16
BRH:0
end_of_record
TN:
SF:src\components\admin\shared\PlayerMatchupConfiguration.tsx
FN:12,(anonymous_0)
FN:34,(anonymous_1)
FN:54,(anonymous_2)
FNF:3
FNH:0
FNDA:0,(anonymous_0)
FNDA:0,(anonymous_1)
FNDA:0,(anonymous_2)
DA:1,1
DA:2,1
DA:12,1
DA:19,0
DA:21,0
DA:34,0
DA:54,0
DA:71,1
LF:8
LH:4
BRDA:17,0,0,0
BRDA:43,1,0,0
BRDA:43,1,1,0
BRDA:44,2,0,0
BRDA:44,2,1,0
BRDA:47,3,0,0
BRDA:47,3,1,0
BRDA:62,4,0,0
BRDA:62,4,1,0
BRF:9
BRH:0
end_of_record
TN:
SF:src\components\admin\shared\PointsConfiguration.tsx
FN:14,(anonymous_0)
FN:37,(anonymous_1)
FN:50,(anonymous_2)
FN:63,(anonymous_3)
FNF:4
FNH:0
FNDA:0,(anonymous_0)
FNDA:0,(anonymous_1)
FNDA:0,(anonymous_2)
FNDA:0,(anonymous_3)
DA:1,1
DA:2,1
DA:14,1
DA:23,0
DA:25,0
DA:37,0
DA:50,0
DA:63,0
LF:8
LH:3
BRDA:21,0,0,0
BRF:1
BRH:0
end_of_record
TN:
SF:src\components\common\Pagination.tsx
FN:14,(anonymous_0)
FN:19,(anonymous_1)
FN:51,(anonymous_2)
FN:62,(anonymous_3)
FN:86,(anonymous_4)
FN:97,(anonymous_5)
FN:111,(anonymous_6)
FN:123,(anonymous_7)
FN:146,(anonymous_8)
FN:149,(anonymous_9)
FN:155,(anonymous_10)
FNF:11
FNH:6
FNDA:1,(anonymous_0)
FNDA:1,(anonymous_1)
FNDA:0,(anonymous_2)
FNDA:0,(anonymous_3)
FNDA:0,(anonymous_4)
FNDA:2,(anonymous_5)
FNDA:0,(anonymous_6)
FNDA:0,(anonymous_7)
FNDA:2,(anonymous_8)
FNDA:2,(anonymous_9)
FNDA:2,(anonymous_10)
DA:1,2
DA:14,2
DA:15,1
DA:17,1
DA:19,1
DA:20,1
DA:21,1
DA:23,1
DA:25,1
DA:26,2
DA:30,0
DA:32,0
DA:33,0
DA:35,0
DA:38,0
DA:42,1
DA:45,1
DA:47,1
DA:51,0
DA:62,0
DA:86,0
DA:98,2
DA:99,0
DA:108,2
DA:111,0
DA:123,0
DA:146,2
DA:147,2
DA:149,2
DA:150,2
DA:151,2
DA:152,2
DA:155,2
DA:157,2
LF:34
LH:23
BRDA:17,0,0,0
BRDA:17,0,1,1
BRDA:23,1,0,1
BRDA:23,1,1,0
BRDA:30,2,0,0
BRDA:30,2,1,0
BRDA:33,3,0,0
BRDA:33,3,1,0
BRDA:54,4,0,1
BRDA:54,4,1,0
BRDA:65,5,0,0
BRDA:65,5,1,1
BRDA:89,6,0,1
BRDA:89,6,1,0
BRDA:98,7,0,0
BRDA:98,7,1,2
BRDA:111,8,0,0
BRDA:111,8,1,0
BRDA:113,9,0,1
BRDA:113,9,1,1
BRDA:126,10,0,0
BRDA:126,10,1,1
BRDA:146,11,0,0
BRF:23
BRH:9
end_of_record
TN:
SF:src\components\player\PlayerDashboard.tsx
FN:9,(anonymous_0)
FN:19,(anonymous_1)
FN:23,(anonymous_2)
FN:29,(anonymous_3)
FN:32,(anonymous_4)
FN:33,(anonymous_5)
FN:37,(anonymous_6)
FN:37,(anonymous_7)
FN:38,(anonymous_8)
FN:40,(anonymous_9)
FN:41,(anonymous_10)
FN:42,(anonymous_11)
FN:43,(anonymous_12)
FN:49,(anonymous_13)
FN:50,(anonymous_14)
FN:59,(anonymous_15)
FN:68,(anonymous_16)
FN:71,(anonymous_17)
FN:95,(anonymous_18)
FN:110,(anonymous_19)
FN:126,(anonymous_20)
FN:199,(anonymous_21)
FN:209,(anonymous_22)
FN:228,(anonymous_23)
FN:233,(anonymous_24)
FN:234,(anonymous_25)
FN:240,(anonymous_26)
FNF:27
FNH:4
FNDA:1,(anonymous_0)
FNDA:1,(anonymous_1)
FNDA:1,(anonymous_2)
FNDA:0,(anonymous_3)
FNDA:0,(anonymous_4)
FNDA:0,(anonymous_5)
FNDA:0,(anonymous_6)
FNDA:0,(anonymous_7)
FNDA:0,(anonymous_8)
FNDA:0,(anonymous_9)
FNDA:0,(anonymous_10)
FNDA:0,(anonymous_11)
FNDA:0,(anonymous_12)
FNDA:0,(anonymous_13)
FNDA:0,(anonymous_14)
FNDA:0,(anonymous_15)
FNDA:0,(anonymous_16)
FNDA:0,(anonymous_17)
FNDA:1,(anonymous_18)
FNDA:0,(anonymous_19)
FNDA:0,(anonymous_20)
FNDA:0,(anonymous_21)
FNDA:0,(anonymous_22)
FNDA:0,(anonymous_23)
FNDA:0,(anonymous_24)
FNDA:0,(anonymous_25)
FNDA:0,(anonymous_26)
DA:1,1
DA:2,1
DA:3,1
DA:4,1
DA:5,1
DA:9,1
DA:10,1
DA:11,1
DA:12,1
DA:13,1
DA:14,1
DA:15,1
DA:16,1
DA:17,1
DA:19,1
DA:20,1
DA:23,1
DA:24,1
DA:25,1
DA:28,1
DA:29,1
DA:32,1
DA:33,1
DA:34,1
DA:37,1
DA:38,1
DA:39,1
DA:40,0
DA:42,0
DA:43,0
DA:45,0
DA:50,0
DA:55,1
DA:58,1
DA:59,1
DA:60,0
DA:61,0
DA:62,0
DA:64,0
DA:67,1
DA:68,1
DA:71,1
DA:72,0
DA:73,0
DA:74,0
DA:77,1
DA:78,1
DA:81,1
DA:82,1
DA:83,0
DA:84,0
DA:85,0
DA:86,0
DA:87,0
DA:89,1
DA:92,1
DA:95,1
DA:96,1
DA:97,1
DA:110,1
DA:112,1
DA:113,0
DA:114,0
DA:115,0
DA:116,0
DA:117,0
DA:118,0
DA:119,0
DA:121,0
DA:122,0
DA:123,0
DA:125,0
DA:126,0
DA:127,0
DA:128,0
DA:129,0
DA:130,0
DA:131,0
DA:132,0
DA:133,0
DA:134,0
DA:135,0
DA:136,0
DA:137,0
DA:141,0
DA:142,0
DA:145,0
DA:146,0
DA:152,0
DA:153,0
DA:154,0
DA:156,0
DA:161,1
DA:162,0
DA:164,1
DA:167,1
DA:169,0
DA:199,0
DA:209,0
DA:229,0
DA:230,0
DA:231,0
DA:232,0
DA:233,0
DA:234,0
DA:235,0
DA:236,0
DA:240,0
LF:108
LH:47
BRDA:25,0,0,1
BRDA:25,0,1,1
BRDA:40,1,0,0
BRDA:40,1,1,0
BRDA:42,2,0,0
BRDA:42,2,1,0
BRDA:62,3,0,0
BRDA:62,3,1,0
BRDA:62,3,2,0
BRDA:64,4,0,0
BRDA:64,4,1,0
BRDA:72,5,0,0
BRDA:72,5,1,0
BRDA:72,5,2,0
BRDA:73,6,0,0
BRDA:73,6,1,0
BRDA:73,6,2,0
BRDA:84,7,0,0
BRDA:84,7,1,0
BRDA:87,8,0,0
BRDA:87,8,1,0
BRDA:87,9,0,0
BRDA:87,9,1,0
BRDA:99,10,0,0
BRDA:99,10,1,1
BRDA:117,11,0,0
BRDA:117,11,1,0
BRDA:117,12,0,0
BRDA:117,12,1,0
BRDA:118,13,0,0
BRDA:118,13,1,0
BRDA:119,14,0,0
BRDA:119,14,1,0
BRDA:119,15,0,0
BRDA:119,15,1,0
BRDA:125,16,0,0
BRDA:125,16,1,0
BRDA:127,17,0,0
BRDA:127,17,1,0
BRDA:128,18,0,0
BRDA:128,18,1,0
BRDA:128,19,0,0
BRDA:128,19,1,0
BRDA:128,19,2,0
BRDA:130,20,0,0
BRDA:130,20,1,0
BRDA:131,21,0,0
BRDA:131,21,1,0
BRDA:136,22,0,0
BRDA:136,22,1,0
BRDA:141,23,0,0
BRDA:141,23,1,0
BRDA:141,24,0,0
BRDA:141,24,1,0
BRDA:142,25,0,0
BRDA:142,25,1,0
BRDA:152,26,0,0
BRDA:152,26,1,0
BRDA:153,27,0,0
BRDA:153,27,1,0
BRDA:161,28,0,0
BRDA:161,28,1,1
BRDA:167,29,0,1
BRDA:167,29,1,0
BRDA:176,30,0,0
BRDA:176,30,1,0
BRDA:177,31,0,0
BRDA:177,31,1,0
BRDA:189,32,0,0
BRDA:189,32,1,0
BRDA:201,33,0,0
BRDA:201,33,1,0
BRDA:211,34,0,0
BRDA:211,34,1,0
BRDA:221,35,0,0
BRDA:221,35,1,0
BRDA:224,36,0,0
BRDA:224,36,1,0
BRDA:230,37,0,0
BRDA:230,37,1,0
BRDA:233,38,0,0
BRDA:233,38,1,0
BRDA:233,39,0,0
BRDA:233,39,1,0
BRDA:234,40,0,0
BRDA:234,40,1,0
BRDA:234,41,0,0
BRDA:234,41,1,0
BRDA:235,42,0,0
BRDA:235,42,1,0
BRDA:235,42,2,0
BRDA:235,42,3,0
BRDA:251,43,0,0
BRDA:251,43,1,0
BRDA:255,44,0,0
BRDA:255,44,1,0
BRDA:256,45,0,0
BRDA:256,45,1,0
BRDA:261,46,0,0
BRDA:261,46,1,0
BRDA:262,47,0,0
BRDA:262,47,1,0
BRDA:267,48,0,0
BRDA:267,48,1,0
BRDA:271,49,0,0
BRDA:271,49,1,0
BRDA:290,50,0,0
BRDA:290,50,1,0
BRDA:290,50,2,0
BRDA:303,51,0,0
BRDA:303,51,1,0
BRDA:303,51,2,0
BRDA:328,52,0,0
BRDA:328,52,1,0
BRF:114
BRH:5
end_of_record
TN:
SF:src\constants\bowling.ts
FNF:0
FNH:0
DA:11,2
DA:12,2
DA:15,2
DA:16,2
DA:17,2
DA:18,2
DA:21,2
DA:22,2
DA:23,2
DA:24,2
DA:28,2
DA:31,2
DA:32,2
DA:33,2
DA:34,2
DA:35,2
DA:38,2
DA:39,2
DA:40,2
DA:41,2
DA:44,2
DA:45,2
DA:46,2
DA:49,2
DA:50,2
DA:53,2
DA:54,2
LF:27
LH:27
BRF:0
BRH:0
end_of_record
TN:
SF:src\constants\sortOptions.ts
FNF:0
FNH:0
DA:5,1
LF:1
LH:1
BRF:0
BRH:0
end_of_record
TN:
SF:src\contexts\LanguageContext.tsx
FN:7,(anonymous_0)
FN:19,(anonymous_1)
FN:23,(anonymous_2)
FN:24,(anonymous_3)
FN:42,(anonymous_4)
FN:47,(anonymous_5)
FN:56,(anonymous_6)
FN:63,(anonymous_7)
FN:70,(anonymous_8)
FN:91,(anonymous_9)
FNF:10
FNH:7
FNDA:6,(anonymous_0)
FNDA:4,(anonymous_1)
FNDA:4,(anonymous_2)
FNDA:4,(anonymous_3)
FNDA:0,(anonymous_4)
FNDA:0,(anonymous_5)
FNDA:4,(anonymous_6)
FNDA:4,(anonymous_7)
FNDA:39,(anonymous_8)
FNDA:0,(anonymous_9)
DA:1,4
DA:2,4
DA:5,4
DA:7,4
DA:8,6
DA:9,6
DA:10,0
DA:12,6
DA:19,4
DA:20,4
DA:23,4
DA:24,4
DA:25,4
DA:26,4
DA:27,4
DA:28,0
DA:29,0
DA:30,0
DA:34,0
DA:39,4
DA:42,4
DA:43,0
DA:47,4
DA:48,0
DA:49,0
DA:53,4
DA:54,4
DA:56,4
DA:57,4
DA:58,4
DA:63,4
DA:64,4
DA:65,4
DA:66,4
DA:70,4
DA:71,39
DA:72,39
DA:74,39
DA:75,78
DA:76,78
DA:79,0
DA:80,0
DA:84,39
DA:87,4
DA:88,4
DA:91,4
DA:92,0
DA:93,0
DA:95,0
DA:96,0
DA:97,0
DA:98,0
DA:99,0
DA:100,0
DA:103,0
DA:108,4
DA:117,4
LF:57
LH:38
BRDA:9,0,0,0
BRDA:9,0,1,6
BRDA:27,1,0,0
BRDA:27,1,1,4
BRDA:29,2,0,0
BRDA:29,2,1,0
BRDA:29,3,0,0
BRDA:29,3,1,0
BRDA:29,3,2,0
BRDA:48,4,0,0
BRDA:48,4,1,0
BRDA:48,5,0,0
BRDA:48,5,1,0
BRDA:64,6,0,0
BRDA:64,6,1,4
BRDA:75,7,0,78
BRDA:75,7,1,0
BRDA:75,8,0,78
BRDA:75,8,1,78
BRDA:84,9,0,39
BRDA:84,9,1,0
BRDA:87,10,0,0
BRDA:87,10,1,4
BRDA:88,11,0,0
BRDA:88,11,1,4
BRDA:92,12,0,0
BRDA:92,12,1,0
BRDA:92,13,0,0
BRDA:92,13,1,0
BRDA:97,14,0,0
BRDA:97,14,1,0
BRF:31
BRH:9
end_of_record
TN:
SF:src\hooks\useDateFormat.ts
FN:7,(anonymous_0)
FN:16,(anonymous_1)
FN:26,(anonymous_2)
FN:36,(anonymous_3)
FN:51,(anonymous_4)
FN:65,(anonymous_5)
FNF:6
FNH:1
FNDA:2,(anonymous_0)
FNDA:0,(anonymous_1)
FNDA:0,(anonymous_2)
FNDA:0,(anonymous_3)
FNDA:0,(anonymous_4)
FNDA:0,(anonymous_5)
DA:1,2
DA:7,2
DA:8,2
DA:10,2
DA:17,0
DA:18,0
DA:27,0
DA:28,0
DA:37,0
DA:38,0
DA:52,0
DA:53,0
DA:66,0
DA:67,0
LF:14
LH:4
BRDA:17,0,0,0
BRDA:17,0,1,0
BRDA:27,1,0,0
BRDA:27,1,1,0
BRDA:37,2,0,0
BRDA:37,2,1,0
BRDA:52,3,0,0
BRDA:52,3,1,0
BRDA:66,4,0,0
BRDA:66,4,1,0
BRF:10
BRH:0
end_of_record
TN:
SF:src\services\api\games.ts
FN:5,(anonymous_0)
FN:35,(anonymous_1)
FN:65,(anonymous_2)
FN:81,(anonymous_3)
FN:98,(anonymous_4)
FN:116,(anonymous_5)
FN:134,(anonymous_6)
FN:154,(anonymous_7)
FN:172,(anonymous_8)
FNF:9
FNH:1
FNDA:0,(anonymous_0)
FNDA:0,(anonymous_1)
FNDA:1,(anonymous_2)
FNDA:0,(anonymous_3)
FNDA:0,(anonymous_4)
FNDA:0,(anonymous_5)
FNDA:0,(anonymous_6)
FNDA:0,(anonymous_7)
FNDA:0,(anonymous_8)
DA:1,3
DA:2,3
DA:5,3
DA:35,3
DA:36,0
DA:37,0
DA:38,0
DA:39,0
DA:40,0
DA:41,0
DA:42,0
DA:43,0
DA:44,0
DA:45,0
DA:46,0
DA:47,0
DA:48,0
DA:49,0
DA:50,0
DA:51,0
DA:52,0
DA:53,0
DA:54,0
DA:55,0
DA:56,0
DA:57,0
DA:58,0
DA:59,0
DA:60,0
DA:61,0
DA:64,3
DA:66,1
DA:67,1
DA:72,1
DA:74,1
DA:76,0
DA:77,0
DA:82,0
DA:83,0
DA:89,0
DA:91,0
DA:93,0
DA:94,0
DA:99,0
DA:100,0
DA:107,0
DA:109,0
DA:111,0
DA:112,0
DA:117,0
DA:118,0
DA:125,0
DA:127,0
DA:129,0
DA:130,0
DA:135,0
DA:136,0
DA:137,0
DA:139,0
DA:145,0
DA:147,0
DA:149,0
DA:150,0
DA:155,0
DA:156,0
DA:163,0
DA:165,0
DA:167,0
DA:168,0
DA:173,0
DA:174,0
DA:179,0
DA:180,0
DA:182,0
DA:183,0
LF:75
LH:9
BRDA:37,0,0,0
BRDA:37,0,1,0
BRDA:38,1,0,0
BRDA:38,1,1,0
BRDA:39,2,0,0
BRDA:39,2,1,0
BRDA:40,3,0,0
BRDA:40,3,1,0
BRDA:41,4,0,0
BRDA:41,4,1,0
BRDA:42,5,0,0
BRDA:42,5,1,0
BRDA:43,6,0,0
BRDA:43,6,1,0
BRDA:44,7,0,0
BRDA:44,7,1,0
BRDA:45,8,0,0
BRDA:45,8,1,0
BRDA:46,9,0,0
BRDA:46,9,1,0
BRDA:47,10,0,0
BRDA:47,10,1,0
BRDA:48,11,0,0
BRDA:48,11,1,0
BRDA:49,12,0,0
BRDA:49,12,1,0
BRDA:50,13,0,0
BRDA:50,13,1,0
BRDA:51,14,0,0
BRDA:51,14,1,0
BRDA:52,15,0,0
BRDA:52,15,1,0
BRDA:53,16,0,0
BRDA:53,16,1,0
BRDA:54,17,0,0
BRDA:54,17,1,0
BRDA:55,18,0,0
BRDA:55,18,1,0
BRDA:56,19,0,0
BRDA:56,19,1,0
BRDA:57,20,0,0
BRDA:57,20,1,0
BRDA:58,21,0,0
BRDA:58,21,1,0
BRDA:59,22,0,0
BRDA:59,22,1,0
BRDA:60,23,0,0
BRDA:60,23,1,0
BRDA:72,24,0,0
BRDA:72,24,1,1
BRDA:74,25,0,1
BRDA:74,25,1,1
BRDA:89,26,0,0
BRDA:89,26,1,0
BRDA:107,27,0,0
BRDA:107,27,1,0
BRDA:109,28,0,0
BRDA:109,28,1,0
BRDA:125,29,0,0
BRDA:125,29,1,0
BRDA:127,30,0,0
BRDA:127,30,1,0
BRDA:145,31,0,0
BRDA:145,31,1,0
BRDA:163,32,0,0
BRDA:163,32,1,0
BRDA:179,33,0,0
BRDA:179,33,1,0
BRF:68
BRH:3
end_of_record
TN:
SF:src\services\api\helpers.ts
FN:1,(anonymous_0)
FNF:1
FNH:1
FNDA:2,(anonymous_0)
DA:1,3
DA:2,2
LF:2
LH:2
BRF:0
BRH:0
end_of_record
TN:
SF:src\services\api\leagues.ts
FN:6,(anonymous_0)
FN:32,(anonymous_1)
FN:60,(anonymous_2)
FN:76,(anonymous_3)
FN:93,(anonymous_4)
FN:110,(anonymous_5)
FN:128,(anonymous_6)
FN:143,(anonymous_7)
FNF:8
FNH:1
FNDA:0,(anonymous_0)
FNDA:0,(anonymous_1)
FNDA:1,(anonymous_2)
FNDA:0,(anonymous_3)
FNDA:0,(anonymous_4)
FNDA:0,(anonymous_5)
FNDA:0,(anonymous_6)
FNDA:0,(anonymous_7)
DA:1,3
DA:2,3
DA:3,3
DA:6,3
DA:32,3
DA:33,0
DA:34,0
DA:35,0
DA:36,0
DA:37,0
DA:38,0
DA:39,0
DA:40,0
DA:41,0
DA:42,0
DA:43,0
DA:44,0
DA:45,0
DA:46,0
DA:47,0
DA:48,0
DA:49,0
DA:50,0
DA:51,0
DA:52,0
DA:53,0
DA:54,0
DA:56,0
DA:59,3
DA:61,1
DA:62,1
DA:67,0
DA:69,0
DA:71,0
DA:72,0
DA:77,0
DA:78,0
DA:84,0
DA:86,0
DA:88,0
DA:89,0
DA:94,0
DA:95,0
DA:101,0
DA:103,0
DA:105,0
DA:106,0
DA:111,0
DA:112,0
DA:119,0
DA:121,0
DA:123,0
DA:124,0
DA:129,0
DA:130,0
DA:135,0
DA:136,0
DA:138,0
DA:139,0
DA:144,0
LF:60
LH:8
BRDA:9,0,0,0
BRDA:9,0,1,0
BRDA:26,1,0,0
BRDA:26,1,1,0
BRDA:34,2,0,0
BRDA:34,2,1,0
BRDA:35,3,0,0
BRDA:35,3,1,0
BRDA:36,4,0,0
BRDA:36,4,1,0
BRDA:37,5,0,0
BRDA:37,5,1,0
BRDA:38,6,0,0
BRDA:38,6,1,0
BRDA:40,7,0,0
BRDA:40,7,1,0
BRDA:41,8,0,0
BRDA:41,8,1,0
BRDA:42,9,0,0
BRDA:42,9,1,0
BRDA:43,10,0,0
BRDA:43,10,1,0
BRDA:44,11,0,0
BRDA:44,11,1,0
BRDA:45,12,0,0
BRDA:45,12,1,0
BRDA:46,13,0,0
BRDA:46,13,1,0
BRDA:47,14,0,0
BRDA:47,14,1,0
BRDA:48,15,0,0
BRDA:48,15,1,0
BRDA:49,16,0,0
BRDA:49,16,1,0
BRDA:50,17,0,0
BRDA:50,17,1,0
BRDA:51,18,0,0
BRDA:51,18,1,0
BRDA:52,19,0,0
BRDA:52,19,1,0
BRDA:53,20,0,0
BRDA:53,20,1,0
BRDA:54,21,0,0
BRDA:54,21,1,0
BRDA:67,22,0,0
BRDA:67,22,1,0
BRDA:69,23,0,0
BRDA:69,23,1,0
BRDA:84,24,0,0
BRDA:84,24,1,0
BRDA:101,25,0,0
BRDA:101,25,1,0
BRDA:119,26,0,0
BRDA:119,26,1,0
BRDA:135,27,0,0
BRDA:135,27,1,0
BRF:56
BRH:0
end_of_record
TN:
SF:src\services\api\players.ts
FN:6,(anonymous_0)
FN:16,(anonymous_1)
FN:30,(anonymous_2)
FN:54,(anonymous_3)
FN:83,(anonymous_4)
FN:114,(anonymous_5)
FNF:6
FNH:1
FNDA:0,(anonymous_0)
FNDA:0,(anonymous_1)
FNDA:2,(anonymous_2)
FNDA:0,(anonymous_3)
FNDA:0,(anonymous_4)
FNDA:0,(anonymous_5)
DA:1,3
DA:2,3
DA:5,3
DA:7,0
DA:8,0
DA:14,0
DA:16,0
DA:25,0
DA:26,0
DA:31,2
DA:32,2
DA:38,2
DA:40,2
DA:49,2
DA:50,2
DA:55,0
DA:56,0
DA:67,0
DA:69,0
DA:78,0
DA:79,0
DA:84,0
DA:85,0
DA:86,0
DA:87,0
DA:88,0
DA:89,0
DA:91,0
DA:98,0
DA:100,0
DA:109,0
DA:110,0
DA:115,0
DA:116,0
DA:121,0
DA:122,0
DA:124,0
DA:125,0
LF:38
LH:9
BRDA:14,0,0,0
BRDA:14,0,1,0
BRDA:16,1,0,0
BRDA:16,1,1,0
BRDA:19,2,0,0
BRDA:19,2,1,0
BRDA:38,3,0,0
BRDA:38,3,1,2
BRDA:43,4,0,0
BRDA:43,4,1,0
BRDA:60,5,0,0
BRDA:60,5,1,0
BRDA:67,6,0,0
BRDA:67,6,1,0
BRDA:72,7,0,0
BRDA:72,7,1,0
BRDA:86,8,0,0
BRDA:86,8,1,0
BRDA:87,9,0,0
BRDA:87,9,1,0
BRDA:87,10,0,0
BRDA:87,10,1,0
BRDA:88,11,0,0
BRDA:88,11,1,0
BRDA:89,12,0,0
BRDA:89,12,1,0
BRDA:98,13,0,0
BRDA:98,13,1,0
BRDA:103,14,0,0
BRDA:103,14,1,0
BRDA:121,15,0,0
BRDA:121,15,1,0
BRF:32
BRH:1
end_of_record
TN:
SF:src\services\api\seasons.ts
FN:5,(anonymous_0)
FN:35,(anonymous_1)
FN:66,(anonymous_2)
FN:82,(anonymous_3)
FN:99,(anonymous_4)
FN:116,(anonymous_5)
FN:133,(anonymous_6)
FN:151,(anonymous_7)
FNF:8
FNH:0
FNDA:0,(anonymous_0)
FNDA:0,(anonymous_1)
FNDA:0,(anonymous_2)
FNDA:0,(anonymous_3)
FNDA:0,(anonymous_4)
FNDA:0,(anonymous_5)
FNDA:0,(anonymous_6)
FNDA:0,(anonymous_7)
DA:1,3
DA:2,3
DA:5,3
DA:35,3
DA:36,0
DA:37,0
DA:38,0
DA:39,0
DA:40,0
DA:41,0
DA:42,0
DA:43,0
DA:44,0
DA:45,0
DA:46,0
DA:47,0
DA:48,0
DA:49,0
DA:50,0
DA:51,0
DA:52,0
DA:53,0
DA:54,0
DA:55,0
DA:56,0
DA:57,0
DA:59,0
DA:60,0
DA:61,0
DA:62,0
DA:65,3
DA:67,0
DA:68,0
DA:73,0
DA:75,0
DA:77,0
DA:78,0
DA:83,0
DA:84,0
DA:90,0
DA:92,0
DA:94,0
DA:95,0
DA:100,0
DA:101,0
DA:107,0
DA:109,0
DA:111,0
DA:112,0
DA:117,0
DA:118,0
DA:124,0
DA:126,0
DA:128,0
DA:129,0
DA:134,0
DA:135,0
DA:142,0
DA:144,0
DA:146,0
DA:147,0
DA:152,0
DA:153,0
DA:158,0
DA:159,0
DA:161,0
DA:162,0
LF:67
LH:5
BRDA:26,0,0,0
BRDA:26,0,1,0
BRDA:37,1,0,0
BRDA:37,1,1,0
BRDA:38,2,0,0
BRDA:38,2,1,0
BRDA:39,3,0,0
BRDA:39,3,1,0
BRDA:40,4,0,0
BRDA:40,4,1,0
BRDA:41,5,0,0
BRDA:41,5,1,0
BRDA:43,6,0,0
BRDA:43,6,1,0
BRDA:44,7,0,0
BRDA:44,7,1,0
BRDA:45,8,0,0
BRDA:45,8,1,0
BRDA:46,9,0,0
BRDA:46,9,1,0
BRDA:47,10,0,0
BRDA:47,10,1,0
BRDA:48,11,0,0
BRDA:48,11,1,0
BRDA:49,12,0,0
BRDA:49,12,1,0
BRDA:50,13,0,0
BRDA:50,13,1,0
BRDA:51,14,0,0
BRDA:51,14,1,0
BRDA:52,15,0,0
BRDA:52,15,1,0
BRDA:53,16,0,0
BRDA:53,16,1,0
BRDA:54,17,0,0
BRDA:54,17,1,0
BRDA:55,18,0,0
BRDA:55,18,1,0
BRDA:56,19,0,0
BRDA:56,19,1,0
BRDA:57,20,0,0
BRDA:57,20,1,0
BRDA:59,21,0,0
BRDA:59,21,1,0
BRDA:60,22,0,0
BRDA:60,22,1,0
BRDA:61,23,0,0
BRDA:61,23,1,0
BRDA:73,24,0,0
BRDA:73,24,1,0
BRDA:75,25,0,0
BRDA:75,25,1,0
BRDA:90,26,0,0
BRDA:90,26,1,0
BRDA:107,27,0,0
BRDA:107,27,1,0
BRDA:109,28,0,0
BRDA:109,28,1,0
BRDA:124,29,0,0
BRDA:124,29,1,0
BRDA:142,30,0,0
BRDA:142,30,1,0
BRDA:158,31,0,0
BRDA:158,31,1,0
BRF:64
BRH:0
end_of_record
TN:
SF:src\services\api\teams.ts
FN:5,(anonymous_0)
FN:14,(anonymous_1)
FN:24,(anonymous_2)
FN:40,(anonymous_3)
FN:57,(anonymous_4)
FN:74,(anonymous_5)
FN:91,(anonymous_6)
FN:109,(anonymous_7)
FNF:8
FNH:1
FNDA:0,(anonymous_0)
FNDA:0,(anonymous_1)
FNDA:1,(anonymous_2)
FNDA:0,(anonymous_3)
FNDA:0,(anonymous_4)
FNDA:0,(anonymous_5)
FNDA:0,(anonymous_6)
FNDA:0,(anonymous_7)
DA:1,3
DA:2,3
DA:5,3
DA:14,3
DA:15,0
DA:16,0
DA:17,0
DA:18,0
DA:19,0
DA:20,0
DA:23,3
DA:25,1
DA:26,1
DA:31,1
DA:33,1
DA:35,0
DA:36,0
DA:41,0
DA:42,0
DA:48,0
DA:50,0
DA:52,0
DA:53,0
DA:58,0
DA:59,0
DA:65,0
DA:67,0
DA:69,0
DA:70,0
DA:75,0
DA:76,0
DA:82,0
DA:84,0
DA:86,0
DA:87,0
DA:92,0
DA:93,0
DA:100,0
DA:102,0
DA:104,0
DA:105,0
DA:110,0
DA:111,0
DA:116,0
DA:117,0
DA:119,0
DA:120,0
LF:47
LH:9
BRDA:9,0,0,0
BRDA:9,0,1,0
BRDA:10,1,0,0
BRDA:10,1,1,0
BRDA:16,2,0,0
BRDA:16,2,1,0
BRDA:17,3,0,0
BRDA:17,3,1,0
BRDA:18,4,0,0
BRDA:18,4,1,0
BRDA:19,5,0,0
BRDA:19,5,1,0
BRDA:31,6,0,0
BRDA:31,6,1,1
BRDA:33,7,0,1
BRDA:33,7,1,1
BRDA:48,8,0,0
BRDA:48,8,1,0
BRDA:65,9,0,0
BRDA:65,9,1,0
BRDA:67,10,0,0
BRDA:67,10,1,0
BRDA:82,11,0,0
BRDA:82,11,1,0
BRDA:100,12,0,0
BRDA:100,12,1,0
BRDA:116,13,0,0
BRDA:116,13,1,0
BRF:28
BRH:3
end_of_record
TN:
SF:src\translations\en.ts
FNF:0
FNH:0
DA:3,4
DA:625,4
LF:2
LH:2
BRF:0
BRH:0
end_of_record
TN:
SF:src\translations\he.ts
FNF:0
FNH:0
DA:3,4
DA:625,4
LF:2
LH:2
BRF:0
BRH:0
end_of_record
TN:
SF:src\utils\importExportUtils.ts
FN:16,(anonymous_0)
FN:26,(anonymous_1)
FN:31,(anonymous_2)
FN:32,(anonymous_3)
FN:53,(anonymous_4)
FN:70,(anonymous_5)
FN:82,(anonymous_6)
FN:85,(anonymous_7)
FN:110,(anonymous_8)
FN:117,(anonymous_9)
FN:122,(anonymous_10)
FN:138,(anonymous_11)
FN:173,(anonymous_12)
FN:204,(anonymous_13)
FN:224,(anonymous_14)
FN:231,(anonymous_15)
FNF:16
FNH:0
FNDA:0,(anonymous_0)
FNDA:0,(anonymous_1)
FNDA:0,(anonymous_2)
FNDA:0,(anonymous_3)
FNDA:0,(anonymous_4)
FNDA:0,(anonymous_5)
FNDA:0,(anonymous_6)
FNDA:0,(anonymous_7)
FNDA:0,(anonymous_8)
FNDA:0,(anonymous_9)
FNDA:0,(anonymous_10)
FNDA:0,(anonymous_11)
FNDA:0,(anonymous_12)
FNDA:0,(anonymous_13)
FNDA:0,(anonymous_14)
FNDA:0,(anonymous_15)
DA:16,1
DA:20,0
DA:21,0
DA:22,0
DA:26,0
DA:27,0
DA:29,0
DA:32,0
DA:33,0
DA:35,0
DA:36,0
DA:37,0
DA:38,0
DA:40,0
DA:45,0
DA:53,1
DA:54,0
DA:55,0
DA:56,0
DA:59,0
DA:60,0
DA:70,1
DA:75,0
DA:76,0
DA:77,0
DA:79,0
DA:80,0
DA:82,0
DA:84,0
DA:85,0
DA:87,0
DA:88,0
DA:89,0
DA:90,0
DA:93,0
DA:96,0
DA:98,0
DA:110,1
DA:116,0
DA:117,0
DA:118,0
DA:119,0
DA:122,0
DA:123,0
DA:124,0
DA:126,0
DA:127,0
DA:128,0
DA:130,0
DA:132,0
DA:133,0
DA:134,0
DA:137,0
DA:138,0
DA:140,0
DA:142,0
DA:145,0
DA:146,0
DA:147,0
DA:149,0
DA:153,0
DA:154,0
DA:155,0
DA:156,0
DA:159,0
DA:162,0
DA:164,0
DA:173,1
DA:174,0
DA:175,0
DA:176,0
DA:178,0
DA:179,0
DA:180,0
DA:182,0
DA:183,0
DA:184,0
DA:185,0
DA:187,0
DA:189,0
DA:190,0
DA:191,0
DA:193,0
DA:197,0
DA:198,0
DA:204,1
DA:206,0
DA:207,0
DA:209,0
DA:210,0
DA:211,0
DA:212,0
DA:213,0
DA:214,0
DA:215,0
DA:216,0
DA:217,0
DA:218,0
DA:224,1
DA:225,0
DA:231,1
DA:232,0
DA:233,0
LF:103
LH:8
BRDA:20,0,0,0
BRDA:20,0,1,0
BRDA:35,1,0,0
BRDA:35,1,1,0
BRDA:35,2,0,0
BRDA:35,2,1,0
BRDA:37,3,0,0
BRDA:37,3,1,0
BRDA:37,4,0,0
BRDA:37,4,1,0
BRDA:37,4,2,0
BRDA:54,5,0,0
BRDA:54,5,1,0
BRDA:73,6,0,0
BRDA:77,7,0,0
BRDA:77,7,1,0
BRDA:88,8,0,0
BRDA:88,8,1,0
BRDA:113,9,0,0
BRDA:114,10,0,0
BRDA:118,11,0,0
BRDA:118,11,1,0
BRDA:128,12,0,0
BRDA:128,12,1,0
BRDA:132,13,0,0
BRDA:132,13,1,0
BRDA:140,14,0,0
BRDA:140,14,1,0
BRDA:145,15,0,0
BRDA:145,15,1,0
BRDA:147,16,0,0
BRDA:147,16,1,0
BRDA:154,17,0,0
BRDA:154,17,1,0
BRDA:182,18,0,0
BRDA:182,18,1,0
BRDA:183,19,0,0
BRDA:183,19,1,0
BRDA:183,20,0,0
BRDA:183,20,1,0
BRDA:189,21,0,0
BRDA:189,21,1,0
BRDA:189,22,0,0
BRDA:189,22,1,0
BRDA:207,23,0,0
BRDA:207,23,1,0
BRDA:233,24,0,0
BRDA:233,24,1,0
BRDA:233,24,2,0
BRF:49
BRH:0
end_of_record
TN:
SF:src\utils\playerUtils.ts
FN:3,getPlayerDisplayName
FN:7,getPlayerFullName
FNF:2
FNH:0
FNDA:0,getPlayerDisplayName
FNDA:0,getPlayerFullName
DA:3,2
DA:4,0
DA:7,2
DA:8,0
DA:9,0
DA:11,0
LF:6
LH:2
BRDA:8,0,0,0
BRDA:8,0,1,0
BRF:2
BRH:0
end_of_record
TN:
SF:src\utils\sortUtils.ts
FN:8,sortByOption
FN:9,(anonymous_1)
FNF:2
FNH:1
FNDA:1,sortByOption
FNDA:0,(anonymous_1)
DA:8,1
DA:9,1
DA:10,0
DA:11,0
DA:12,0
DA:14,0
LF:6
LH:2
BRDA:11,0,0,0
BRDA:11,0,1,0
BRF:2
BRH:0
end_of_record
